#
# A fatal error has been detected by the Java Runtime Environment:
#
#  EXCEPTION_ACCESS_VIOLATION (0xc0000005) at pc=0x00007ffcfbce3f4c, pid=3872, tid=15856
#
# JRE version: OpenJDK Runtime Environment (11.0.11+9) (build 11.0.11+9-b60-7590822)
# Java VM: OpenJDK 64-Bit Server VM (11.0.11+9-b60-7590822, mixed mode, tiered, compressed oops, g1 gc, windows-amd64)
# Problematic frame:
# V  [jvm.dll+0x303f4c]
#
# No core dump will be written. Minidumps are not enabled by default on client versions of Windows
#
# If you would like to submit a bug report, please visit:
#   https://bugreport.java.com/bugreport/crash.jsp
#

---------------  S U M M A R Y ------------

Command Line: --add-opens=java.base/java.util=ALL-UNNAMED --add-opens=java.base/java.lang=ALL-UNNAMED --add-opens=java.base/java.lang.invoke=ALL-UNNAMED --add-opens=java.base/java.util=ALL-UNNAMED --add-opens=java.prefs/java.util.prefs=ALL-UNNAMED --add-opens=java.prefs/java.util.prefs=ALL-UNNAMED --add-opens=java.base/java.nio.charset=ALL-UNNAMED --add-opens=java.base/java.net=ALL-UNNAMED --add-opens=java.base/java.util.concurrent.atomic=ALL-UNNAMED -Xmx2048m -Dfile.encoding=UTF-8 -Duser.country=ES -Duser.language=es -Duser.variant org.gradle.launcher.daemon.bootstrap.GradleDaemon 7.2

Host: Intel(R) Core(TM) i5 CPU       M 480  @ 2.67GHz, 4 cores, 7G,  Windows 10 , 64 bit Build 19041 (10.0.19041.1706)
Time: Mon May 23 23:53:14 2022 Hora de verano romance elapsed time: 4962.012345 seconds (0d 1h 22m 42s)

---------------  T H R E A D  ---------------

Current thread (0x000001b243216800):  GCTaskThread "GC Thread#1" [stack: 0x0000001f21000000,0x0000001f21100000] [id=15856]

Stack: [0x0000001f21000000,0x0000001f21100000],  sp=0x0000001f210ff298,  free space=1020k
Native frames: (J=compiled Java code, j=interpreted, Vv=VM code, C=native code)
V  [jvm.dll+0x303f4c]


siginfo: EXCEPTION_ACCESS_VIOLATION (0xc0000005), reading address 0x00000000000000f8


Register to memory mapping:

RIP=0x00007ffcfbce3f4c jvm.dll
RAX=0x0 is NULL
RBX=0x0000000084048c9c is pointing into object: org.gradle.api.internal.CompositeDomainObjectSet$1 
{0x0000000084048c90} - klass: 'org/gradle/api/internal/CompositeDomainObjectSet$1'
RCX=0x000001b2285cc300 points into unknown readable memory: 0x0000000000000000 | 00 00 00 00 00 00 00 00
RDX=0x0 is NULL
RSP=0x0000001f210ff298 points into unknown readable memory: 0x00007ffcfbce6a8d | 8d 6a ce fb fc 7f 00 00
RBP=0x0000001f210ff4f8 points into unknown readable memory: 0x00007ffcfc207b20 | 20 7b 20 fc fc 7f 00 00
RSI=0x00000001005ce350 is pointing into metadata
RDI=0x0000000084048ca0 is an oop: org.gradle.internal.ImmutableActionSet$SingletonSet 
{0x0000000084048ca0} - klass: 'org/gradle/internal/ImmutableActionSet$SingletonSet'
R8 =
[error occurred during error reporting (printing register info), id 0xc0000005, EXCEPTION_ACCESS_VIOLATION (0xc0000005) at pc=0x00007ffcfbcbabc7]

Registers:
RAX=0x0000000000000000, RBX=0x0000000084048c9c, RCX=0x000001b2285cc300, RDX=0x0000000000000000
RSP=0x0000001f210ff298, RBP=0x0000001f210ff4f8, RSI=0x00000001005ce350, RDI=0x0000000084048ca0
R8 =0x00000000c4046320, R9 =0x000001b2285b16e0, R10=0x0000001f210ff4f8, R11=0x0000000084048c9c
R12=0x0000001f210ff370, R13=0x000001b2285e3cf8, R14=0x00000001005ce358, R15=0x0000000084048c90
RIP=0x00007ffcfbce3f4c, EFLAGS=0x0000000000010213

Top of Stack: (sp=0x0000001f210ff298)
0x0000001f210ff298:   00007ffcfbce6a8d 000001b228630510
0x0000001f210ff2a8:   00007ffcfbced666 0000000084049208
0x0000001f210ff2b8:   000001b228630568 0000000084048c00
0x0000001f210ff2c8:   000001b228630510 0000000084048ca0
0x0000001f210ff2d8:   00007ffcfbcec8cc 0000000084048c90
0x0000001f210ff2e8:   0000001f210ff4f8 0000000084048e00
0x0000001f210ff2f8:   0000000084048e00 000005206dc34c90
0x0000001f210ff308:   0000000000000000 0000000084049600
0x0000001f210ff318:   0000000000000040 0000000000000040
0x0000001f210ff328:   0000001f210ff4f8 0000000000000000
0x0000001f210ff338:   0000001f210ff401 0000000084048c00
0x0000001f210ff348:   00007ffcfbcee180 0000000000000002
0x0000001f210ff358:   0000000000000100 000001b22648a550
0x0000001f210ff368:   0000000000000001 0000000084048c00
0x0000001f210ff378:   0000000000000040 0000001f210ff4d0
0x0000001f210ff388:   000001b24a0f5110 0000001f210ff4d0 

Instructions: (pc=0x00007ffcfbce3f4c)
0x00007ffcfbce3e4c:   00 49 8b 82 e0 06 00 00 48 d3 ea 0f b6 04 02 84
0x00007ffcfbce3e5c:   c0 7e 0b 49 8b d1 49 8b cb e9 06 11 fd ff 8b 0d
0x00007ffcfbce3e6c:   28 90 6f 00 49 8b d0 49 33 d1 48 d3 ea 48 85 d2
0x00007ffcfbce3e7c:   74 2a 3c ff 75 26 4d 2b 42 10 49 8b 82 88 04 00
0x00007ffcfbce3e8c:   00 49 d3 e8 41 8b c8 80 3c 08 00 74 0f c6 04 08
0x00007ffcfbce3e9c:   00 49 8b 82 d0 06 00 00 c6 04 01 00 c3 cc cc cc
0x00007ffcfbce3eac:   cc cc cc cc 8b 02 4c 8b da 4c 8b d1 85 c0 0f 84
0x00007ffcfbce3ebc:   af 00 00 00 8b 0d c2 fd 6a 00 44 8b c0 4d 8b 4a
0x00007ffcfbce3ecc:   10 49 d3 e0 4c 03 05 a9 fd 6a 00 49 8b d0 41 8b
0x00007ffcfbce3edc:   89 f0 06 00 00 49 8b 81 e0 06 00 00 48 d3 ea 0f
0x00007ffcfbce3eec:   b6 04 02 84 c0 7e 0b 49 8b d3 49 8b ca e9 72 10
0x00007ffcfbce3efc:   fd ff 41 8b 89 c0 02 00 00 49 8b d0 48 d3 ea 49
0x00007ffcfbce3f0c:   8b 89 b0 02 00 00 48 8b 14 d1 49 39 52 20 74 53
0x00007ffcfbce3f1c:   3c ff 75 2c 4d 2b 41 10 8b 0d 6e 8f 6f 00 49 8b
0x00007ffcfbce3f2c:   81 88 04 00 00 49 d3 e8 41 8b c8 80 3c 08 00 74
0x00007ffcfbce3f3c:   0f c6 04 08 00 49 8b 81 d0 06 00 00 c6 04 01 00
0x00007ffcfbce3f4c:   48 8b 8a f8 00 00 00 83 b9 18 01 00 00 00 74 13
0x00007ffcfbce3f5c:   45 8b 42 28 48 81 c1 90 00 00 00 49 8b d3 e9 51
0x00007ffcfbce3f6c:   98 04 00 c3 40 57 48 83 ec 20 48 8b fa 48 8b d1
0x00007ffcfbce3f7c:   4c 8b 0f 4d 85 c9 74 6b 4c 8b 51 10 4d 8b c1 41
0x00007ffcfbce3f8c:   8b 8a f0 06 00 00 49 8b 82 e0 06 00 00 49 d3 e8
0x00007ffcfbce3f9c:   41 0f b6 04 00 84 c0 7e 50 48 8b 42 18 48 8b d7
0x00007ffcfbce3fac:   48 89 5c 24 30 48 8b 58 10 48 8b cb e8 33 8b fd
0x00007ffcfbce3fbc:   ff 84 c0 75 29 48 81 c3 90 00 00 00 48 8b 43 08
0x00007ffcfbce3fcc:   48 39 43 20 75 08 48 8b cb e8 76 03 f3 ff 48 8b
0x00007ffcfbce3fdc:   4b 20 48 8b 43 38 48 89 3c c8 48 ff 43 20 48 8b
0x00007ffcfbce3fec:   5c 24 30 48 83 c4 20 5f c3 8b 0d 9d 8e 6f 00 49
0x00007ffcfbce3ffc:   8b d1 48 33 d7 48 d3 ea 48 85 d2 74 e6 3c ff 75
0x00007ffcfbce400c:   e2 4d 2b 4a 10 49 8b 82 88 04 00 00 49 d3 e9 41
0x00007ffcfbce401c:   8b c9 80 3c 08 00 74 cb c6 04 08 00 49 8b 82 d0
0x00007ffcfbce402c:   06 00 00 c6 04 01 00 48 83 c4 20 5f c3 cc cc cc
0x00007ffcfbce403c:   cc cc cc cc 40 57 48 83 ec 20 4c 8b 12 48 8b fa 


Stack slot to memory mapping:
stack at sp + 0 slots: 0x00007ffcfbce6a8d jvm.dll
stack at sp + 1 slots: 0x000001b228630510 points into unknown readable memory: 0x00007ffcfc20ec20 | 20 ec 20 fc fc 7f 00 00
stack at sp + 2 slots: 0x00007ffcfbced666 jvm.dll
stack at sp + 3 slots: 0x0000000084049208 is pointing into object: java.util.LinkedHashMap$LinkedKeySet 
{0x0000000084049200} - klass: 'java/util/LinkedHashMap$LinkedKeySet'
stack at sp + 4 slots: 0x000001b228630568 points into unknown readable memory: 0x0000000084100000 | 00 00 10 84 00 00 00 00
stack at sp + 5 slots: 0x0000000084048c00 is an oop: org.gradle.internal.extensibility.ExtraPropertiesDynamicObjectAdapter 
{0x0000000084048c00} - klass: 'org/gradle/internal/extensibility/ExtraPropertiesDynamicObjectAdapter'
stack at sp + 6 slots: 0x000001b228630510 points into unknown readable memory: 0x00007ffcfc20ec20 | 20 ec 20 fc fc 7f 00 00
stack at sp + 7 slots: 0x0000000084048ca0 is an oop: org.gradle.internal.ImmutableActionSet$SingletonSet 
{0x0000000084048ca0} - klass: 'org/gradle/internal/ImmutableActionSet$SingletonSet'


---------------  P R O C E S S  ---------------

Threads class SMR info:
_java_thread_list=0x000001b2463141b0, length=88, elements={
0x000001b2285a3000, 0x000001b242186000, 0x000001b242187800, 0x000001b24219f800,
0x000001b2421a0800, 0x000001b2421a4000, 0x000001b2421ac000, 0x000001b2421b3000,
0x000001b2421b5800, 0x000001b242c7a000, 0x000001b244d02000, 0x000001b242bdc000,
0x000001b245013800, 0x000001b2446b2800, 0x000001b2446b6000, 0x000001b2446b5000,
0x000001b2446b1000, 0x000001b2446b3800, 0x000001b246f81000, 0x000001b246f7b800,
0x000001b246f82000, 0x000001b246f7d800, 0x000001b246f83800, 0x000001b246660000,
0x000001b246661800, 0x000001b246664000, 0x000001b248a14000, 0x000001b2446b2000,
0x000001b248a05000, 0x000001b248a06800, 0x000001b245034000, 0x000001b246f86000,
0x000001b246662800, 0x000001b246f8a000, 0x000001b246f7d000, 0x000001b246f84000,
0x000001b246f85000, 0x000001b246f7f800, 0x000001b246f86800, 0x000001b246f89000,
0x000001b246f87800, 0x000001b246f88800, 0x000001b24502e800, 0x000001b245032800,
0x000001b245031800, 0x000001b24502f000, 0x000001b245035000, 0x000001b245033800,
0x000001b245035800, 0x000001b245030000, 0x000001b24503a800, 0x000001b24503a000,
0x000001b245038000, 0x000001b24503c800, 0x000001b245039000, 0x000001b24503b800,
0x000001b245036800, 0x000001b24503d000, 0x000001b245037800, 0x000001b248a09000,
0x000001b248a08800, 0x000001b248a07800, 0x000001b248a0a000, 0x000001b248a0b800,
0x000001b248a06000, 0x000001b248a0c800, 0x000001b248a0e000, 0x000001b248a0f000,
0x000001b248a0d800, 0x000001b248a0b000, 0x000001b248a0f800, 0x000001b248a10800,
0x000001b248a11800, 0x000001b248a13000, 0x000001b248a12000, 0x000001b246658800,
0x000001b246656800, 0x000001b24665b000, 0x000001b24665a800, 0x000001b24665c000,
0x000001b24665d000, 0x000001b246659800, 0x000001b246657000, 0x000001b24665d800,
0x000001b246658000, 0x000001b24665e800, 0x000001b246661000, 0x000001b246663800
}

Java Threads: ( => current thread )
  0x000001b2285a3000 JavaThread "main" [_thread_blocked, id=9388, stack(0x0000001f1ff00000,0x0000001f20000000)]
  0x000001b242186000 JavaThread "Reference Handler" daemon [_thread_blocked, id=9576, stack(0x0000001f20600000,0x0000001f20700000)]
  0x000001b242187800 JavaThread "Finalizer" daemon [_thread_blocked, id=9212, stack(0x0000001f20700000,0x0000001f20800000)]
  0x000001b24219f800 JavaThread "Signal Dispatcher" daemon [_thread_blocked, id=10612, stack(0x0000001f20800000,0x0000001f20900000)]
  0x000001b2421a0800 JavaThread "Attach Listener" daemon [_thread_blocked, id=14672, stack(0x0000001f20900000,0x0000001f20a00000)]
  0x000001b2421a4000 JavaThread "Service Thread" daemon [_thread_blocked, id=13436, stack(0x0000001f20a00000,0x0000001f20b00000)]
  0x000001b2421ac000 JavaThread "C2 CompilerThread0" daemon [_thread_blocked, id=5780, stack(0x0000001f20b00000,0x0000001f20c00000)]
  0x000001b2421b3000 JavaThread "C1 CompilerThread0" daemon [_thread_blocked, id=8436, stack(0x0000001f20c00000,0x0000001f20d00000)]
  0x000001b2421b5800 JavaThread "Sweeper thread" daemon [_thread_blocked, id=8084, stack(0x0000001f20d00000,0x0000001f20e00000)]
  0x000001b242c7a000 JavaThread "Common-Cleaner" daemon [_thread_blocked, id=15620, stack(0x0000001f20e00000,0x0000001f20f00000)]
  0x000001b244d02000 JavaThread "Daemon health stats" [_thread_blocked, id=12044, stack(0x0000001f21300000,0x0000001f21400000)]
  0x000001b242bdc000 JavaThread "Incoming local TCP Connector on port 59347" [_thread_in_native, id=12028, stack(0x0000001f21200000,0x0000001f21300000)]
  0x000001b245013800 JavaThread "Daemon periodic checks" [_thread_blocked, id=9040, stack(0x0000001f21500000,0x0000001f21600000)]
  0x000001b2446b2800 JavaThread "Cache worker for journal cache (C:\Users\zidan\Desktop\prettygoodmusicplayer-master\caches\journal-1)" [_thread_blocked, id=16924, stack(0x0000001f21d00000,0x0000001f21e00000)]
  0x000001b2446b6000 JavaThread "File lock request listener" [_thread_in_native, id=17364, stack(0x0000001f21e00000,0x0000001f21f00000)]
  0x000001b2446b5000 JavaThread "Cache worker for file hash cache (C:\Users\zidan\Desktop\prettygoodmusicplayer-master\caches\7.2\fileHashes)" [_thread_blocked, id=13344, stack(0x0000001f21f00000,0x0000001f22000000)]
  0x000001b2446b1000 JavaThread "File watcher server" daemon [_thread_blocked, id=10832, stack(0x0000001f22200000,0x0000001f22300000)]
  0x000001b2446b3800 JavaThread "File watcher consumer" daemon [_thread_blocked, id=9000, stack(0x0000001f22300000,0x0000001f22400000)]
  0x000001b246f81000 JavaThread "Cache worker for execution history cache (C:\Users\zidan\Desktop\prettygoodmusicplayer-master\caches\7.2\executionHistory)" [_thread_blocked, id=12092, stack(0x0000001f22700000,0x0000001f22800000)]
  0x000001b246f7b800 JavaThread "jar transforms" [_thread_blocked, id=15616, stack(0x0000001f22800000,0x0000001f22900000)]
  0x000001b246f82000 JavaThread "jar transforms Thread 2" [_thread_blocked, id=912, stack(0x0000001f22900000,0x0000001f22a00000)]
  0x000001b246f7d800 JavaThread "Cache worker for file content cache (C:\Users\zidan\Desktop\prettygoodmusicplayer-master\caches\7.2\fileContent)" [_thread_blocked, id=8496, stack(0x0000001f22a00000,0x0000001f22b00000)]
  0x000001b246f83800 JavaThread "jar transforms Thread 3" [_thread_blocked, id=13288, stack(0x0000001f22c00000,0x0000001f22d00000)]
  0x000001b246660000 JavaThread "jar transforms Thread 4" [_thread_blocked, id=8908, stack(0x0000001f25600000,0x0000001f25700000)]
  0x000001b246661800 JavaThread "Memory manager" [_thread_blocked, id=7028, stack(0x0000001f25700000,0x0000001f25800000)]
  0x000001b246664000 JavaThread "pool-3-thread-1" [_thread_blocked, id=9460, stack(0x0000001f25900000,0x0000001f25a00000)]
  0x000001b248a14000 JavaThread "pool-6-thread-1" [_thread_blocked, id=13808, stack(0x0000001f25400000,0x0000001f25500000)]
  0x000001b2446b2000 JavaThread "pool-9-thread-1" [_thread_blocked, id=5700, stack(0x0000001f25500000,0x0000001f25600000)]
  0x000001b248a05000 JavaThread "Daemon Thread 4" [_thread_blocked, id=9664, stack(0x0000001f1fc00000,0x0000001f1fd00000)]
  0x000001b248a06800 JavaThread "Daemon worker Thread 4" [_thread_blocked, id=6668, stack(0x0000001f21600000,0x0000001f21700000)]
  0x000001b245034000 JavaThread "pool-12-thread-1" [_thread_blocked, id=11156, stack(0x0000001f22100000,0x0000001f22200000)]
  0x000001b246f86000 JavaThread "pool-15-thread-1" [_thread_blocked, id=3524, stack(0x0000001f25c00000,0x0000001f25d00000)]
  0x000001b246662800 JavaThread "pool-18-thread-1" [_thread_blocked, id=8804, stack(0x0000001f25d00000,0x0000001f25e00000)]
  0x000001b246f8a000 JavaThread "pool-21-thread-1" [_thread_blocked, id=5656, stack(0x0000001f23100000,0x0000001f23200000)]
  0x000001b246f7d000 JavaThread "pool-24-thread-1" [_thread_blocked, id=14692, stack(0x0000001f25b00000,0x0000001f25c00000)]
  0x000001b246f84000 JavaThread "Handler for socket connection from /127.0.0.1:59347 to /127.0.0.1:51837" [_thread_in_native, id=10296, stack(0x0000001f1fd00000,0x0000001f1fe00000)]
  0x000001b246f85000 JavaThread "Cancel handler" [_thread_blocked, id=8520, stack(0x0000001f1fe00000,0x0000001f1ff00000)]
  0x000001b246f7f800 JavaThread "Asynchronous log dispatcher for DefaultDaemonConnection: socket connection from /127.0.0.1:59347 to /127.0.0.1:51837" [_thread_blocked, id=2620, stack(0x0000001f21700000,0x0000001f21800000)]
  0x000001b246f86800 JavaThread "Stdin handler" [_thread_blocked, id=10224, stack(0x0000001f21800000,0x0000001f21900000)]
  0x000001b246f89000 JavaThread "Daemon client event forwarder" [_thread_blocked, id=11316, stack(0x0000001f21900000,0x0000001f21a00000)]
  0x000001b246f87800 JavaThread "Cache worker for file hash cache (C:\Users\zidan\Desktop\AndroidProjects\MedTone\.gradle\7.2\fileHashes)" [_thread_blocked, id=17256, stack(0x0000001f21a00000,0x0000001f21b00000)]
  0x000001b246f88800 JavaThread "Cache worker for checksums cache (C:\Users\zidan\Desktop\AndroidProjects\MedTone\.gradle\checksums)" [_thread_blocked, id=14200, stack(0x0000001f21b00000,0x0000001f21c00000)]
  0x000001b24502e800 JavaThread "Cache worker for cache directory md-supplier (C:\Users\zidan\Desktop\prettygoodmusicplayer-master\caches\7.2\md-supplier)" [_thread_blocked, id=15288, stack(0x0000001f21c00000,0x0000001f21d00000)]
  0x000001b245032800 JavaThread "Cache worker for cache directory md-rule (C:\Users\zidan\Desktop\prettygoodmusicplayer-master\caches\7.2\md-rule)" [_thread_blocked, id=4916, stack(0x0000001f22000000,0x0000001f22100000)]
  0x000001b245031800 JavaThread "Cache worker for dependencies-accessors (C:\Users\zidan\Desktop\AndroidProjects\MedTone\.gradle\7.2\dependencies-accessors)" [_thread_blocked, id=15504, stack(0x0000001f22400000,0x0000001f22500000)]
  0x000001b24502f000 JavaThread "Cache worker for Build Output Cleanup Cache (C:\Users\zidan\Desktop\AndroidProjects\MedTone\.gradle\buildOutputCleanup)" [_thread_blocked, id=10200, stack(0x0000001f22500000,0x0000001f22600000)]
  0x000001b245035000 JavaThread "Unconstrained build operations" [_thread_blocked, id=1976, stack(0x0000001f22600000,0x0000001f22700000)]
  0x000001b245033800 JavaThread "Unconstrained build operations Thread 2" [_thread_blocked, id=10956, stack(0x0000001f22b00000,0x0000001f22c00000)]
  0x000001b245035800 JavaThread "Unconstrained build operations Thread 3" [_thread_blocked, id=15368, stack(0x0000001f22d00000,0x0000001f22e00000)]
  0x000001b245030000 JavaThread "Unconstrained build operations Thread 4" [_thread_blocked, id=5820, stack(0x0000001f22e00000,0x0000001f22f00000)]
  0x000001b24503a800 JavaThread "Unconstrained build operations Thread 5" [_thread_blocked, id=16012, stack(0x0000001f22f00000,0x0000001f23000000)]
  0x000001b24503a000 JavaThread "Unconstrained build operations Thread 6" [_thread_blocked, id=856, stack(0x0000001f23000000,0x0000001f23100000)]
  0x000001b245038000 JavaThread "Unconstrained build operations Thread 7" [_thread_blocked, id=2536, stack(0x0000001f23200000,0x0000001f23300000)]
  0x000001b24503c800 JavaThread "Unconstrained build operations Thread 8" [_thread_blocked, id=5936, stack(0x0000001f23300000,0x0000001f23400000)]
  0x000001b245039000 JavaThread "Unconstrained build operations Thread 9" [_thread_blocked, id=2304, stack(0x0000001f23400000,0x0000001f23500000)]
  0x000001b24503b800 JavaThread "Unconstrained build operations Thread 10" [_thread_blocked, id=10908, stack(0x0000001f23500000,0x0000001f23600000)]
  0x000001b245036800 JavaThread "Unconstrained build operations Thread 11" [_thread_blocked, id=17000, stack(0x0000001f23600000,0x0000001f23700000)]
  0x000001b24503d000 JavaThread "Unconstrained build operations Thread 12" [_thread_blocked, id=10400, stack(0x0000001f23700000,0x0000001f23800000)]
  0x000001b245037800 JavaThread "Unconstrained build operations Thread 13" [_thread_blocked, id=5632, stack(0x0000001f23800000,0x0000001f23900000)]
  0x000001b248a09000 JavaThread "Unconstrained build operations Thread 14" [_thread_blocked, id=6524, stack(0x0000001f23900000,0x0000001f23a00000)]
  0x000001b248a08800 JavaThread "Unconstrained build operations Thread 15" [_thread_blocked, id=16088, stack(0x0000001f23a00000,0x0000001f23b00000)]
  0x000001b248a07800 JavaThread "Unconstrained build operations Thread 16" [_thread_blocked, id=12216, stack(0x0000001f23b00000,0x0000001f23c00000)]
  0x000001b248a0a000 JavaThread "Unconstrained build operations Thread 17" [_thread_blocked, id=1404, stack(0x0000001f23c00000,0x0000001f23d00000)]
  0x000001b248a0b800 JavaThread "Unconstrained build operations Thread 18" [_thread_blocked, id=8848, stack(0x0000001f23d00000,0x0000001f23e00000)]
  0x000001b248a06000 JavaThread "Unconstrained build operations Thread 19" [_thread_blocked, id=16692, stack(0x0000001f23e00000,0x0000001f23f00000)]
  0x000001b248a0c800 JavaThread "Unconstrained build operations Thread 20" [_thread_blocked, id=7676, stack(0x0000001f23f00000,0x0000001f24000000)]
  0x000001b248a0e000 JavaThread "Unconstrained build operations Thread 21" [_thread_blocked, id=14756, stack(0x0000001f24000000,0x0000001f24100000)]
  0x000001b248a0f000 JavaThread "Unconstrained build operations Thread 22" [_thread_blocked, id=1468, stack(0x0000001f24100000,0x0000001f24200000)]
  0x000001b248a0d800 JavaThread "Unconstrained build operations Thread 23" [_thread_blocked, id=16300, stack(0x0000001f24200000,0x0000001f24300000)]
  0x000001b248a0b000 JavaThread "Unconstrained build operations Thread 24" [_thread_blocked, id=9088, stack(0x0000001f24300000,0x0000001f24400000)]
  0x000001b248a0f800 JavaThread "Unconstrained build operations Thread 25" [_thread_blocked, id=16828, stack(0x0000001f24400000,0x0000001f24500000)]
  0x000001b248a10800 JavaThread "Unconstrained build operations Thread 26" [_thread_blocked, id=11460, stack(0x0000001f24500000,0x0000001f24600000)]
  0x000001b248a11800 JavaThread "Unconstrained build operations Thread 27" [_thread_blocked, id=16380, stack(0x0000001f24600000,0x0000001f24700000)]
  0x000001b248a13000 JavaThread "Unconstrained build operations Thread 28" [_thread_blocked, id=4852, stack(0x0000001f24700000,0x0000001f24800000)]
  0x000001b248a12000 JavaThread "Unconstrained build operations Thread 29" [_thread_blocked, id=15580, stack(0x0000001f24800000,0x0000001f24900000)]
  0x000001b246658800 JavaThread "Unconstrained build operations Thread 30" [_thread_blocked, id=4808, stack(0x0000001f24900000,0x0000001f24a00000)]
  0x000001b246656800 JavaThread "Unconstrained build operations Thread 31" [_thread_blocked, id=10560, stack(0x0000001f24a00000,0x0000001f24b00000)]
  0x000001b24665b000 JavaThread "Unconstrained build operations Thread 32" [_thread_blocked, id=17192, stack(0x0000001f24b00000,0x0000001f24c00000)]
  0x000001b24665a800 JavaThread "Unconstrained build operations Thread 33" [_thread_blocked, id=16240, stack(0x0000001f24c00000,0x0000001f24d00000)]
  0x000001b24665c000 JavaThread "Unconstrained build operations Thread 34" [_thread_blocked, id=10760, stack(0x0000001f24d00000,0x0000001f24e00000)]
  0x000001b24665d000 JavaThread "Unconstrained build operations Thread 35" [_thread_blocked, id=6528, stack(0x0000001f24e00000,0x0000001f24f00000)]
  0x000001b246659800 JavaThread "Unconstrained build operations Thread 36" [_thread_blocked, id=13144, stack(0x0000001f24f00000,0x0000001f25000000)]
  0x000001b246657000 JavaThread "Unconstrained build operations Thread 37" [_thread_blocked, id=9432, stack(0x0000001f25000000,0x0000001f25100000)]
  0x000001b24665d800 JavaThread "Unconstrained build operations Thread 38" [_thread_blocked, id=3248, stack(0x0000001f25100000,0x0000001f25200000)]
  0x000001b246658000 JavaThread "Unconstrained build operations Thread 39" [_thread_blocked, id=14064, stack(0x0000001f25200000,0x0000001f25300000)]
  0x000001b24665e800 JavaThread "Unconstrained build operations Thread 40" [_thread_blocked, id=16784, stack(0x0000001f25300000,0x0000001f25400000)]
  0x000001b246661000 JavaThread "C2 CompilerThread1" daemon [_thread_in_native, id=16592, stack(0x0000001f25a00000,0x0000001f25b00000)]
  0x000001b246663800 JavaThread "pool-27-thread-1" [_thread_blocked, id=5980, stack(0x0000001f25e00000,0x0000001f25f00000)]

Other Threads:
  0x000001b242181800 VMThread "VM Thread" [stack: 0x0000001f20500000,0x0000001f20600000] [id=15800]
  0x000001b242c90800 WatcherThread [stack: 0x0000001f20f00000,0x0000001f21000000] [id=14232]
  0x000001b2285bc800 GCTaskThread "GC Thread#0" [stack: 0x0000001f20000000,0x0000001f20100000] [id=6736]
=>0x000001b243216800 GCTaskThread "GC Thread#1" [stack: 0x0000001f21000000,0x0000001f21100000] [id=15856]
  0x000001b242e94000 GCTaskThread "GC Thread#2" [stack: 0x0000001f21100000,0x0000001f21200000] [id=2740]
  0x000001b245006800 GCTaskThread "GC Thread#3" [stack: 0x0000001f21400000,0x0000001f21500000] [id=17080]
  0x000001b2285ec800 ConcurrentGCThread "G1 Main Marker" [stack: 0x0000001f20100000,0x0000001f20200000] [id=2240]
  0x000001b2285ef000 ConcurrentGCThread "G1 Conc#0" [stack: 0x0000001f20200000,0x0000001f20300000] [id=2608]
  0x000001b22867c000 ConcurrentGCThread "G1 Refine#0" [stack: 0x0000001f20300000,0x0000001f20400000] [id=8592]
  0x000001b22867d000 ConcurrentGCThread "G1 Young RemSet Sampling" [stack: 0x0000001f20400000,0x0000001f20500000] [id=7592]

Threads with active compile tasks:
C2 CompilerThread04962183 20004       4       org.gradle.internal.model.CalculatedValueContainer$CalculationState::lambda$attachValue$0 (52 bytes)
C2 CompilerThread14962183 19976       4       org.gradle.api.internal.artifacts.ivyservice.resolveengine.artifact.ArtifactBackedResolvedVariant$SingleArtifactSet::visit (8 bytes)

VM state:at safepoint (normal execution)

VM Mutex/Monitor currently owned by a thread:  ([mutex/lock_event])
[0x000001b22859fd20] Threads_lock - owner thread: 0x000001b242181800
[0x000001b2285a0110] Heap_lock - owner thread: 0x000001b248a06800

Heap address: 0x0000000080000000, size: 2048 MB, Compressed Oops mode: 32-bit
Narrow klass base: 0x0000000000000000, Narrow klass shift: 3
Compressed class space size: 1073741824 Address: 0x0000000100000000

Heap:
 garbage-first heap   total 187392K, used 161105K [0x0000000080000000, 0x0000000100000000)
  region size 1024K, 14 young (14336K), 2 survivors (2048K)
 Metaspace       used 122241K, capacity 126377K, committed 126548K, reserved 1159168K
  class space    used 15193K, capacity 16604K, committed 16640K, reserved 1048576K
Heap Regions: E=young(eden), S=young(survivor), O=old, HS=humongous(starts), HC=humongous(continues), CS=collection set, F=free, A=archive, TAMS=top-at-mark-start (previous, next)
|   0|0x0000000080000000, 0x0000000080100000, 0x0000000080100000|100%|HS|  |TAMS 0x0000000080100000, 0x0000000080100000| Complete 
|   1|0x0000000080100000, 0x0000000080200000, 0x0000000080200000|100%|HC|  |TAMS 0x0000000080200000, 0x0000000080200000| Complete 
|   2|0x0000000080200000, 0x0000000080300000, 0x0000000080300000|100%|HC|  |TAMS 0x0000000080300000, 0x0000000080300000| Complete 
|   3|0x0000000080300000, 0x0000000080400000, 0x0000000080400000|100%| O|  |TAMS 0x0000000080400000, 0x0000000080400000| Untracked 
|   4|0x0000000080400000, 0x0000000080500000, 0x0000000080500000|100%| O|  |TAMS 0x0000000080500000, 0x0000000080500000| Untracked 
|   5|0x0000000080500000, 0x0000000080600000, 0x0000000080600000|100%| O|  |TAMS 0x0000000080600000, 0x0000000080600000| Untracked 
|   6|0x0000000080600000, 0x0000000080700000, 0x0000000080700000|100%| O|  |TAMS 0x0000000080700000, 0x0000000080700000| Untracked 
|   7|0x0000000080700000, 0x0000000080800000, 0x0000000080800000|100%| O|  |TAMS 0x0000000080800000, 0x0000000080800000| Untracked 
|   8|0x0000000080800000, 0x0000000080900000, 0x0000000080900000|100%| O|  |TAMS 0x0000000080900000, 0x0000000080900000| Untracked 
|   9|0x0000000080900000, 0x0000000080a00000, 0x0000000080a00000|100%| O|  |TAMS 0x0000000080900000, 0x0000000080a00000| Untracked 
|  10|0x0000000080a00000, 0x0000000080b00000, 0x0000000080b00000|100%| O|  |TAMS 0x0000000080b00000, 0x0000000080b00000| Untracked 
|  11|0x0000000080b00000, 0x0000000080c00000, 0x0000000080c00000|100%| O|  |TAMS 0x0000000080c00000, 0x0000000080c00000| Untracked 
|  12|0x0000000080c00000, 0x0000000080d00000, 0x0000000080d00000|100%| O|  |TAMS 0x0000000080d00000, 0x0000000080d00000| Untracked 
|  13|0x0000000080d00000, 0x0000000080e00000, 0x0000000080e00000|100%| O|  |TAMS 0x0000000080e00000, 0x0000000080e00000| Untracked 
|  14|0x0000000080e00000, 0x0000000080f00000, 0x0000000080f00000|100%| O|  |TAMS 0x0000000080f00000, 0x0000000080f00000| Untracked 
|  15|0x0000000080f00000, 0x0000000081000000, 0x0000000081000000|100%| O|  |TAMS 0x0000000081000000, 0x0000000081000000| Untracked 
|  16|0x0000000081000000, 0x0000000081100000, 0x0000000081100000|100%| O|  |TAMS 0x0000000081100000, 0x0000000081100000| Untracked 
|  17|0x0000000081100000, 0x0000000081200000, 0x0000000081200000|100%|HS|  |TAMS 0x0000000081200000, 0x0000000081200000| Complete 
|  18|0x0000000081200000, 0x0000000081300000, 0x0000000081300000|100%| O|  |TAMS 0x0000000081300000, 0x0000000081300000| Untracked 
|  19|0x0000000081300000, 0x0000000081400000, 0x0000000081400000|100%| O|  |TAMS 0x0000000081400000, 0x0000000081400000| Untracked 
|  20|0x0000000081400000, 0x0000000081500000, 0x0000000081500000|100%| O|  |TAMS 0x0000000081500000, 0x0000000081500000| Untracked 
|  21|0x0000000081500000, 0x0000000081600000, 0x0000000081600000|100%| O|  |TAMS 0x0000000081600000, 0x0000000081600000| Untracked 
|  22|0x0000000081600000, 0x0000000081700000, 0x0000000081700000|100%| O|  |TAMS 0x0000000081700000, 0x0000000081700000| Untracked 
|  23|0x0000000081700000, 0x0000000081800000, 0x0000000081800000|100%| O|  |TAMS 0x0000000081800000, 0x0000000081800000| Untracked 
|  24|0x0000000081800000, 0x0000000081900000, 0x0000000081900000|100%| O|  |TAMS 0x0000000081900000, 0x0000000081900000| Untracked 
|  25|0x0000000081900000, 0x0000000081a00000, 0x0000000081a00000|100%| O|  |TAMS 0x0000000081a00000, 0x0000000081a00000| Untracked 
|  26|0x0000000081a00000, 0x0000000081b00000, 0x0000000081b00000|100%| O|  |TAMS 0x0000000081b00000, 0x0000000081b00000| Untracked 
|  27|0x0000000081b00000, 0x0000000081c00000, 0x0000000081c00000|100%|HS|  |TAMS 0x0000000081c00000, 0x0000000081c00000| Complete 
|  28|0x0000000081c00000, 0x0000000081d00000, 0x0000000081d00000|100%|HS|  |TAMS 0x0000000081d00000, 0x0000000081d00000| Complete 
|  29|0x0000000081d00000, 0x0000000081e00000, 0x0000000081e00000|100%|HS|  |TAMS 0x0000000081e00000, 0x0000000081e00000| Complete 
|  30|0x0000000081e00000, 0x0000000081f00000, 0x0000000081f00000|100%|HC|  |TAMS 0x0000000081f00000, 0x0000000081f00000| Complete 
|  31|0x0000000081f00000, 0x0000000082000000, 0x0000000082000000|100%| O|  |TAMS 0x0000000082000000, 0x0000000082000000| Untracked 
|  32|0x0000000082000000, 0x0000000082100000, 0x0000000082100000|100%| O|  |TAMS 0x0000000082100000, 0x0000000082100000| Untracked 
|  33|0x0000000082100000, 0x0000000082200000, 0x0000000082200000|100%| O|  |TAMS 0x0000000082200000, 0x0000000082200000| Untracked 
|  34|0x0000000082200000, 0x0000000082300000, 0x0000000082300000|100%| O|  |TAMS 0x00000000822f7800, 0x0000000082300000| Untracked 
|  35|0x0000000082300000, 0x0000000082400000, 0x0000000082400000|100%| O|  |TAMS 0x0000000082400000, 0x0000000082400000| Untracked 
|  36|0x0000000082400000, 0x0000000082500000, 0x0000000082500000|100%| O|  |TAMS 0x0000000082500000, 0x0000000082500000| Untracked 
|  37|0x0000000082500000, 0x0000000082600000, 0x0000000082600000|100%| O|  |TAMS 0x0000000082600000, 0x0000000082600000| Untracked 
|  38|0x0000000082600000, 0x0000000082700000, 0x0000000082700000|100%| O|  |TAMS 0x0000000082700000, 0x0000000082700000| Untracked 
|  39|0x0000000082700000, 0x0000000082800000, 0x0000000082800000|100%| O|  |TAMS 0x0000000082800000, 0x0000000082800000| Untracked 
|  40|0x0000000082800000, 0x0000000082900000, 0x0000000082900000|100%| O|  |TAMS 0x0000000082900000, 0x0000000082900000| Untracked 
|  41|0x0000000082900000, 0x0000000082a00000, 0x0000000082a00000|100%| O|  |TAMS 0x0000000082a00000, 0x0000000082a00000| Untracked 
|  42|0x0000000082a00000, 0x0000000082b00000, 0x0000000082b00000|100%| O|  |TAMS 0x0000000082b00000, 0x0000000082b00000| Untracked 
|  43|0x0000000082b00000, 0x0000000082c00000, 0x0000000082c00000|100%| O|  |TAMS 0x0000000082c00000, 0x0000000082c00000| Untracked 
|  44|0x0000000082c00000, 0x0000000082d00000, 0x0000000082d00000|100%| O|  |TAMS 0x0000000082d00000, 0x0000000082d00000| Untracked 
|  45|0x0000000082d00000, 0x0000000082e00000, 0x0000000082e00000|100%| O|  |TAMS 0x0000000082e00000, 0x0000000082e00000| Untracked 
|  46|0x0000000082e00000, 0x0000000082f00000, 0x0000000082f00000|100%| O|  |TAMS 0x0000000082f00000, 0x0000000082f00000| Untracked 
|  47|0x0000000082f00000, 0x0000000083000000, 0x0000000083000000|100%| O|  |TAMS 0x0000000082f00000, 0x0000000083000000| Untracked 
|  48|0x0000000083000000, 0x0000000083100000, 0x0000000083100000|100%| O|  |TAMS 0x0000000083100000, 0x0000000083100000| Untracked 
|  49|0x0000000083100000, 0x0000000083200000, 0x0000000083200000|100%| O|  |TAMS 0x0000000083200000, 0x0000000083200000| Untracked 
|  50|0x0000000083200000, 0x0000000083300000, 0x0000000083300000|100%| O|  |TAMS 0x0000000083300000, 0x0000000083300000| Untracked 
|  51|0x0000000083300000, 0x0000000083400000, 0x0000000083400000|100%| O|  |TAMS 0x0000000083300000, 0x0000000083400000| Untracked 
|  52|0x0000000083400000, 0x0000000083500000, 0x0000000083500000|100%| O|  |TAMS 0x0000000083500000, 0x0000000083500000| Untracked 
|  53|0x0000000083500000, 0x0000000083600000, 0x0000000083600000|100%| O|  |TAMS 0x0000000083600000, 0x0000000083600000| Untracked 
|  54|0x0000000083600000, 0x0000000083700000, 0x0000000083700000|100%|HS|  |TAMS 0x0000000083700000, 0x0000000083700000| Complete 
|  55|0x0000000083700000, 0x0000000083800000, 0x0000000083800000|100%|HC|  |TAMS 0x0000000083800000, 0x0000000083800000| Complete 
|  56|0x0000000083800000, 0x0000000083900000, 0x0000000083900000|100%| O|  |TAMS 0x0000000083800000, 0x0000000083900000| Untracked 
|  57|0x0000000083900000, 0x0000000083a00000, 0x0000000083a00000|100%|HS|  |TAMS 0x0000000083a00000, 0x0000000083a00000| Complete 
|  58|0x0000000083a00000, 0x0000000083b00000, 0x0000000083b00000|100%|HC|  |TAMS 0x0000000083b00000, 0x0000000083b00000| Complete 
|  59|0x0000000083b00000, 0x0000000083c00000, 0x0000000083c00000|100%|HC|  |TAMS 0x0000000083c00000, 0x0000000083c00000| Complete 
|  60|0x0000000083c00000, 0x0000000083d00000, 0x0000000083d00000|100%| O|  |TAMS 0x0000000083d00000, 0x0000000083d00000| Untracked 
|  61|0x0000000083d00000, 0x0000000083e00000, 0x0000000083e00000|100%| O|  |TAMS 0x0000000083e00000, 0x0000000083e00000| Untracked 
|  62|0x0000000083e00000, 0x0000000083f00000, 0x0000000083f00000|100%| O|  |TAMS 0x0000000083f00000, 0x0000000083f00000| Untracked 
|  63|0x0000000083f00000, 0x0000000084000000, 0x0000000084000000|100%| O|  |TAMS 0x0000000084000000, 0x0000000084000000| Untracked 
|  64|0x0000000084000000, 0x0000000084100000, 0x0000000084100000|100%| O|  |TAMS 0x0000000084000000, 0x0000000084100000| Untracked 
|  65|0x0000000084100000, 0x0000000084200000, 0x0000000084200000|100%| O|  |TAMS 0x0000000084100000, 0x0000000084200000| Untracked 
|  66|0x0000000084200000, 0x0000000084300000, 0x0000000084300000|100%| O|  |TAMS 0x0000000084300000, 0x0000000084300000| Untracked 
|  67|0x0000000084300000, 0x0000000084400000, 0x0000000084400000|100%| O|  |TAMS 0x0000000084400000, 0x0000000084400000| Untracked 
|  68|0x0000000084400000, 0x00000000844945c0, 0x0000000084500000| 57%| O|  |TAMS 0x0000000084400000, 0x0000000084500000| Untracked 
|  69|0x0000000084500000, 0x0000000084600000, 0x0000000084600000|100%| O|  |TAMS 0x0000000084600000, 0x0000000084600000| Untracked 
|  70|0x0000000084600000, 0x0000000084700000, 0x0000000084700000|100%| O|  |TAMS 0x0000000084700000, 0x0000000084700000| Untracked 
|  71|0x0000000084700000, 0x0000000084800000, 0x0000000084800000|100%| O|  |TAMS 0x0000000084800000, 0x0000000084800000| Untracked 
|  72|0x0000000084800000, 0x0000000084900000, 0x0000000084900000|100%| O|  |TAMS 0x0000000084900000, 0x0000000084900000| Untracked 
|  73|0x0000000084900000, 0x0000000084a00000, 0x0000000084a00000|100%| O|  |TAMS 0x0000000084a00000, 0x0000000084a00000| Untracked 
|  74|0x0000000084a00000, 0x0000000084b00000, 0x0000000084b00000|100%| O|  |TAMS 0x0000000084b00000, 0x0000000084b00000| Untracked 
|  75|0x0000000084b00000, 0x0000000084c00000, 0x0000000084c00000|100%| O|  |TAMS 0x0000000084c00000, 0x0000000084c00000| Untracked 
|  76|0x0000000084c00000, 0x0000000084d00000, 0x0000000084d00000|100%| O|  |TAMS 0x0000000084d00000, 0x0000000084d00000| Untracked 
|  77|0x0000000084d00000, 0x0000000084e00000, 0x0000000084e00000|100%| O|  |TAMS 0x0000000084e00000, 0x0000000084e00000| Untracked 
|  78|0x0000000084e00000, 0x0000000084f00000, 0x0000000084f00000|100%| O|  |TAMS 0x0000000084f00000, 0x0000000084f00000| Untracked 
|  79|0x0000000084f00000, 0x0000000085000000, 0x0000000085000000|100%| O|  |TAMS 0x0000000085000000, 0x0000000085000000| Untracked 
|  80|0x0000000085000000, 0x0000000085000000, 0x0000000085100000|  0%| F|  |TAMS 0x0000000085000000, 0x0000000085000000| Untracked 
|  81|0x0000000085100000, 0x0000000085200000, 0x0000000085200000|100%| O|  |TAMS 0x0000000085200000, 0x0000000085200000| Untracked 
|  82|0x0000000085200000, 0x0000000085200000, 0x0000000085300000|  0%| F|  |TAMS 0x0000000085200000, 0x0000000085200000| Untracked 
|  83|0x0000000085300000, 0x0000000085400000, 0x0000000085400000|100%| O|  |TAMS 0x0000000085400000, 0x0000000085400000| Untracked 
|  84|0x0000000085400000, 0x0000000085500000, 0x0000000085500000|100%| O|  |TAMS 0x0000000085500000, 0x0000000085500000| Untracked 
|  85|0x0000000085500000, 0x0000000085600000, 0x0000000085600000|100%| O|  |TAMS 0x0000000085600000, 0x0000000085600000| Untracked 
|  86|0x0000000085600000, 0x0000000085700000, 0x0000000085700000|100%| O|  |TAMS 0x0000000085700000, 0x0000000085700000| Untracked 
|  87|0x0000000085700000, 0x0000000085800000, 0x0000000085800000|100%| O|  |TAMS 0x0000000085800000, 0x0000000085800000| Untracked 
|  88|0x0000000085800000, 0x0000000085900000, 0x0000000085900000|100%| O|  |TAMS 0x0000000085900000, 0x0000000085900000| Untracked 
|  89|0x0000000085900000, 0x0000000085a00000, 0x0000000085a00000|100%| O|  |TAMS 0x0000000085a00000, 0x0000000085a00000| Untracked 
|  90|0x0000000085a00000, 0x0000000085b00000, 0x0000000085b00000|100%| O|  |TAMS 0x0000000085b00000, 0x0000000085b00000| Untracked 
|  91|0x0000000085b00000, 0x0000000085c00000, 0x0000000085c00000|100%| O|  |TAMS 0x0000000085c00000, 0x0000000085c00000| Untracked 
|  92|0x0000000085c00000, 0x0000000085d00000, 0x0000000085d00000|100%| O|  |TAMS 0x0000000085d00000, 0x0000000085d00000| Untracked 
|  93|0x0000000085d00000, 0x0000000085e00000, 0x0000000085e00000|100%| O|  |TAMS 0x0000000085e00000, 0x0000000085e00000| Untracked 
|  94|0x0000000085e00000, 0x0000000085f00000, 0x0000000085f00000|100%| O|  |TAMS 0x0000000085f00000, 0x0000000085f00000| Untracked 
|  95|0x0000000085f00000, 0x0000000086000000, 0x0000000086000000|100%| O|  |TAMS 0x0000000086000000, 0x0000000086000000| Untracked 
|  96|0x0000000086000000, 0x0000000086100000, 0x0000000086100000|100%| O|  |TAMS 0x0000000086100000, 0x0000000086100000| Untracked 
|  97|0x0000000086100000, 0x0000000086200000, 0x0000000086200000|100%|HS|  |TAMS 0x0000000086200000, 0x0000000086200000| Complete 
|  98|0x0000000086200000, 0x0000000086300000, 0x0000000086300000|100%|HC|  |TAMS 0x0000000086300000, 0x0000000086300000| Complete 
|  99|0x0000000086300000, 0x0000000086400000, 0x0000000086400000|100%|HS|  |TAMS 0x0000000086400000, 0x0000000086400000| Complete 
| 100|0x0000000086400000, 0x0000000086500000, 0x0000000086500000|100%|HC|  |TAMS 0x0000000086500000, 0x0000000086500000| Complete 
| 101|0x0000000086500000, 0x0000000086600000, 0x0000000086600000|100%|HC|  |TAMS 0x0000000086600000, 0x0000000086600000| Complete 
| 102|0x0000000086600000, 0x0000000086700000, 0x0000000086700000|100%|HS|  |TAMS 0x0000000086700000, 0x0000000086700000| Complete 
| 103|0x0000000086700000, 0x0000000086800000, 0x0000000086800000|100%|HC|  |TAMS 0x0000000086800000, 0x0000000086800000| Complete 
| 104|0x0000000086800000, 0x0000000086900000, 0x0000000086900000|100%|HC|  |TAMS 0x0000000086900000, 0x0000000086900000| Complete 
| 105|0x0000000086900000, 0x0000000086a00000, 0x0000000086a00000|100%|HC|  |TAMS 0x0000000086a00000, 0x0000000086a00000| Complete 
| 106|0x0000000086a00000, 0x0000000086b00000, 0x0000000086b00000|100%| O|  |TAMS 0x0000000086b00000, 0x0000000086b00000| Untracked 
| 107|0x0000000086b00000, 0x0000000086c00000, 0x0000000086c00000|100%| O|  |TAMS 0x0000000086c00000, 0x0000000086c00000| Untracked 
| 108|0x0000000086c00000, 0x0000000086d00000, 0x0000000086d00000|100%| O|  |TAMS 0x0000000086d00000, 0x0000000086d00000| Untracked 
| 109|0x0000000086d00000, 0x0000000086e00000, 0x0000000086e00000|100%| O|  |TAMS 0x0000000086e00000, 0x0000000086e00000| Untracked 
| 110|0x0000000086e00000, 0x0000000086f00000, 0x0000000086f00000|100%| O|  |TAMS 0x0000000086f00000, 0x0000000086f00000| Untracked 
| 111|0x0000000086f00000, 0x0000000087000000, 0x0000000087000000|100%| O|  |TAMS 0x0000000087000000, 0x0000000087000000| Untracked 
| 112|0x0000000087000000, 0x0000000087100000, 0x0000000087100000|100%| O|  |TAMS 0x0000000087100000, 0x0000000087100000| Untracked 
| 113|0x0000000087100000, 0x0000000087200000, 0x0000000087200000|100%| O|  |TAMS 0x0000000087200000, 0x0000000087200000| Untracked 
| 114|0x0000000087200000, 0x0000000087300000, 0x0000000087300000|100%| O|  |TAMS 0x0000000087300000, 0x0000000087300000| Untracked 
| 115|0x0000000087300000, 0x0000000087400000, 0x0000000087400000|100%|HS|  |TAMS 0x0000000087400000, 0x0000000087400000| Complete 
| 116|0x0000000087400000, 0x0000000087500000, 0x0000000087500000|100%|HC|  |TAMS 0x0000000087500000, 0x0000000087500000| Complete 
| 117|0x0000000087500000, 0x0000000087600000, 0x0000000087600000|100%|HC|  |TAMS 0x0000000087600000, 0x0000000087600000| Complete 
| 118|0x0000000087600000, 0x0000000087700000, 0x0000000087700000|100%|HC|  |TAMS 0x0000000087700000, 0x0000000087700000| Complete 
| 119|0x0000000087700000, 0x0000000087800000, 0x0000000087800000|100%|HS|  |TAMS 0x0000000087800000, 0x0000000087800000| Complete 
| 120|0x0000000087800000, 0x0000000087900000, 0x0000000087900000|100%|HC|  |TAMS 0x0000000087900000, 0x0000000087900000| Complete 
| 121|0x0000000087900000, 0x0000000087a00000, 0x0000000087a00000|100%|HC|  |TAMS 0x0000000087a00000, 0x0000000087a00000| Complete 
| 122|0x0000000087a00000, 0x0000000087b00000, 0x0000000087b00000|100%|HS|  |TAMS 0x0000000087b00000, 0x0000000087b00000| Complete 
| 123|0x0000000087b00000, 0x0000000087c00000, 0x0000000087c00000|100%|HC|  |TAMS 0x0000000087c00000, 0x0000000087c00000| Complete 
| 124|0x0000000087c00000, 0x0000000087d00000, 0x0000000087d00000|100%|HC|  |TAMS 0x0000000087d00000, 0x0000000087d00000| Complete 
| 125|0x0000000087d00000, 0x0000000087e00000, 0x0000000087e00000|100%|HC|  |TAMS 0x0000000087e00000, 0x0000000087e00000| Complete 
| 126|0x0000000087e00000, 0x0000000087e00000, 0x0000000087f00000|  0%| F|  |TAMS 0x0000000087e00000, 0x0000000087e00000| Untracked 
| 127|0x0000000087f00000, 0x0000000088000000, 0x0000000088000000|100%| O|  |TAMS 0x0000000088000000, 0x0000000088000000| Untracked 
| 128|0x0000000088000000, 0x0000000088100000, 0x0000000088100000|100%| O|  |TAMS 0x0000000088100000, 0x0000000088100000| Untracked 
| 129|0x0000000088100000, 0x0000000088200000, 0x0000000088200000|100%| O|  |TAMS 0x0000000088200000, 0x0000000088200000| Untracked 
| 130|0x0000000088200000, 0x0000000088300000, 0x0000000088300000|100%| O|  |TAMS 0x0000000088300000, 0x0000000088300000| Untracked 
| 131|0x0000000088300000, 0x0000000088400000, 0x0000000088400000|100%| O|  |TAMS 0x0000000088400000, 0x0000000088400000| Untracked 
| 132|0x0000000088400000, 0x0000000088500000, 0x0000000088500000|100%| O|  |TAMS 0x0000000088500000, 0x0000000088500000| Untracked 
| 133|0x0000000088500000, 0x0000000088600000, 0x0000000088600000|100%| O|  |TAMS 0x0000000088600000, 0x0000000088600000| Untracked 
| 134|0x0000000088600000, 0x0000000088700000, 0x0000000088700000|100%| O|  |TAMS 0x0000000088700000, 0x0000000088700000| Untracked 
| 135|0x0000000088700000, 0x0000000088800000, 0x0000000088800000|100%| O|  |TAMS 0x0000000088800000, 0x0000000088800000| Untracked 
| 136|0x0000000088800000, 0x0000000088900000, 0x0000000088900000|100%| O|  |TAMS 0x0000000088900000, 0x0000000088900000| Untracked 
| 137|0x0000000088900000, 0x0000000088a00000, 0x0000000088a00000|100%| O|  |TAMS 0x0000000088a00000, 0x0000000088a00000| Untracked 
| 138|0x0000000088a00000, 0x0000000088a00000, 0x0000000088b00000|  0%| F|  |TAMS 0x0000000088a00000, 0x0000000088a00000| Untracked 
| 139|0x0000000088b00000, 0x0000000088b00000, 0x0000000088c00000|  0%| F|  |TAMS 0x0000000088b00000, 0x0000000088b00000| Untracked 
| 140|0x0000000088c00000, 0x0000000088c00000, 0x0000000088d00000|  0%| F|  |TAMS 0x0000000088c00000, 0x0000000088c00000| Untracked 
| 141|0x0000000088d00000, 0x0000000088e00000, 0x0000000088e00000|100%| O|  |TAMS 0x0000000088e00000, 0x0000000088e00000| Untracked 
| 142|0x0000000088e00000, 0x0000000088e00000, 0x0000000088f00000|  0%| F|  |TAMS 0x0000000088e00000, 0x0000000088e00000| Untracked 
| 143|0x0000000088f00000, 0x0000000088f00000, 0x0000000089000000|  0%| F|  |TAMS 0x0000000088f00000, 0x0000000088f00000| Untracked 
| 144|0x0000000089000000, 0x0000000089000000, 0x0000000089100000|  0%| F|  |TAMS 0x0000000089000000, 0x0000000089000000| Untracked 
| 145|0x0000000089100000, 0x0000000089100000, 0x0000000089200000|  0%| F|  |TAMS 0x0000000089100000, 0x0000000089100000| Untracked 
| 146|0x0000000089200000, 0x0000000089300000, 0x0000000089300000|100%| O|  |TAMS 0x0000000089300000, 0x0000000089300000| Untracked 
| 147|0x0000000089300000, 0x0000000089400000, 0x0000000089400000|100%| O|  |TAMS 0x0000000089400000, 0x0000000089400000| Untracked 
| 148|0x0000000089400000, 0x0000000089500000, 0x0000000089500000|100%| O|  |TAMS 0x0000000089500000, 0x0000000089500000| Untracked 
| 149|0x0000000089500000, 0x0000000089500000, 0x0000000089600000|  0%| F|  |TAMS 0x0000000089500000, 0x0000000089500000| Untracked 
| 150|0x0000000089600000, 0x0000000089600000, 0x0000000089700000|  0%| F|  |TAMS 0x0000000089600000, 0x0000000089600000| Untracked 
| 151|0x0000000089700000, 0x0000000089800000, 0x0000000089800000|100%| O|  |TAMS 0x0000000089800000, 0x0000000089800000| Untracked 
| 152|0x0000000089800000, 0x0000000089900000, 0x0000000089900000|100%| O|  |TAMS 0x0000000089900000, 0x0000000089900000| Untracked 
| 153|0x0000000089900000, 0x0000000089900000, 0x0000000089a00000|  0%| F|  |TAMS 0x0000000089900000, 0x0000000089900000| Untracked 
| 154|0x0000000089a00000, 0x0000000089a00000, 0x0000000089b00000|  0%| F|  |TAMS 0x0000000089a00000, 0x0000000089a00000| Untracked 
| 155|0x0000000089b00000, 0x0000000089c00000, 0x0000000089c00000|100%| O|  |TAMS 0x0000000089c00000, 0x0000000089c00000| Untracked 
| 156|0x0000000089c00000, 0x0000000089d00000, 0x0000000089d00000|100%| O|  |TAMS 0x0000000089d00000, 0x0000000089d00000| Untracked 
| 157|0x0000000089d00000, 0x0000000089e00000, 0x0000000089e00000|100%| O|  |TAMS 0x0000000089e00000, 0x0000000089e00000| Untracked 
| 158|0x0000000089e00000, 0x0000000089f00000, 0x0000000089f00000|100%| O|  |TAMS 0x0000000089f00000, 0x0000000089f00000| Untracked 
| 159|0x0000000089f00000, 0x000000008a000000, 0x000000008a000000|100%| O|  |TAMS 0x000000008a000000, 0x000000008a000000| Untracked 
| 160|0x000000008a000000, 0x000000008a000000, 0x000000008a100000|  0%| F|  |TAMS 0x000000008a000000, 0x000000008a000000| Untracked 
| 161|0x000000008a100000, 0x000000008a100000, 0x000000008a200000|  0%| F|  |TAMS 0x000000008a100000, 0x000000008a100000| Untracked 
| 162|0x000000008a200000, 0x000000008a200000, 0x000000008a300000|  0%| F|  |TAMS 0x000000008a200000, 0x000000008a200000| Untracked 
| 163|0x000000008a300000, 0x000000008a300000, 0x000000008a400000|  0%| F|  |TAMS 0x000000008a300000, 0x000000008a300000| Untracked 
| 164|0x000000008a400000, 0x000000008a400000, 0x000000008a500000|  0%| F|  |TAMS 0x000000008a400000, 0x000000008a400000| Untracked 
| 165|0x000000008a500000, 0x000000008a500000, 0x000000008a600000|  0%| F|  |TAMS 0x000000008a500000, 0x000000008a500000| Untracked 
| 166|0x000000008a600000, 0x000000008a600000, 0x000000008a700000|  0%| F|  |TAMS 0x000000008a600000, 0x000000008a600000| Untracked 
| 167|0x000000008a700000, 0x000000008a72d138, 0x000000008a800000| 17%| S|  |TAMS 0x000000008a700000, 0x000000008a700000| Complete 
| 168|0x000000008a800000, 0x000000008a900000, 0x000000008a900000|100%| S|  |TAMS 0x000000008a800000, 0x000000008a800000| Complete 
| 169|0x000000008a900000, 0x000000008aa00000, 0x000000008aa00000|100%| E|CS|TAMS 0x000000008a900000, 0x000000008aa00000| Complete 
| 170|0x000000008aa00000, 0x000000008ab00000, 0x000000008ab00000|100%| E|CS|TAMS 0x000000008aa00000, 0x000000008ab00000| Complete 
| 171|0x000000008ab00000, 0x000000008ac00000, 0x000000008ac00000|100%| E|CS|TAMS 0x000000008ab00000, 0x000000008ac00000| Complete 
| 172|0x000000008ac00000, 0x000000008ad00000, 0x000000008ad00000|100%| E|CS|TAMS 0x000000008ac00000, 0x000000008ad00000| Complete 
| 173|0x000000008ad00000, 0x000000008ae00000, 0x000000008ae00000|100%| E|CS|TAMS 0x000000008ad00000, 0x000000008ae00000| Complete 
| 174|0x000000008ae00000, 0x000000008ae547e0, 0x000000008af00000| 33%| E|CS|TAMS 0x000000008ae00000, 0x000000008ae547e0| Complete 
| 175|0x000000008af00000, 0x000000008b000000, 0x000000008b000000|100%| E|CS|TAMS 0x000000008af00000, 0x000000008b000000| Complete 
| 176|0x000000008b000000, 0x000000008b100000, 0x000000008b100000|100%| E|CS|TAMS 0x000000008b000000, 0x000000008b100000| Complete 
| 177|0x000000008b100000, 0x000000008b200000, 0x000000008b200000|100%| E|CS|TAMS 0x000000008b100000, 0x000000008b200000| Complete 
| 178|0x000000008b200000, 0x000000008b300000, 0x000000008b300000|100%| E|CS|TAMS 0x000000008b200000, 0x000000008b300000| Complete 
| 179|0x000000008b300000, 0x000000008b400000, 0x000000008b400000|100%| E|CS|TAMS 0x000000008b300000, 0x000000008b400000| Complete 
| 180|0x000000008b400000, 0x000000008b500000, 0x000000008b500000|100%| E|CS|TAMS 0x000000008b400000, 0x000000008b500000| Complete 
| 181|0x000000008b500000, 0x000000008b600000, 0x000000008b600000|100%| E|CS|TAMS 0x000000008b500000, 0x000000008b600000| Complete 
| 182|0x000000008b600000, 0x000000008b700000, 0x000000008b700000|100%| E|CS|TAMS 0x000000008b600000, 0x000000008b700000| Complete 

Card table byte_map: [0x000001b23b4a0000,0x000001b23b8a0000] _byte_map_base: 0x000001b23b0a0000

Marking Bits (Prev, Next): (CMBitMap*) 0x000001b2285e3cf8, (CMBitMap*) 0x000001b2285e3d30
 Prev Bits: [0x000001b23bca0000, 0x000001b23dca0000)
 Next Bits: [0x000001b23dca0000, 0x000001b23fca0000)

Polling page: 0x000001b2265a0000

Metaspace:

Usage:
  Non-class:    107.20 MB capacity,   104.54 MB ( 98%) used,     2.28 MB (  2%) free+waste,   387.75 KB ( <1%) overhead. 
      Class:     16.21 MB capacity,    14.84 MB ( 92%) used,     1.21 MB (  7%) free+waste,   174.25 KB (  1%) overhead. 
       Both:    123.42 MB capacity,   119.38 MB ( 97%) used,     3.49 MB (  3%) free+waste,   562.00 KB ( <1%) overhead. 

Virtual space:
  Non-class space:      108.00 MB reserved,     107.33 MB (>99%) committed 
      Class space:        1.00 GB reserved,      16.25 MB (  2%) committed 
             Both:        1.11 GB reserved,     123.58 MB ( 11%) committed 

Chunk freelists:
   Non-Class:  7.00 KB
       Class:  4.00 KB
        Both:  11.00 KB

MaxMetaspaceSize: 17179869184.00 GB
CompressedClassSpaceSize: 1.00 GB

CodeHeap 'non-profiled nmethods': size=120064Kb used=15452Kb max_used=15452Kb free=104611Kb
 bounds [0x000001b233b60000, 0x000001b234a90000, 0x000001b23b0a0000]
CodeHeap 'profiled nmethods': size=120000Kb used=39011Kb max_used=40254Kb free=80988Kb
 bounds [0x000001b22c630000, 0x000001b22ed90000, 0x000001b233b60000]
CodeHeap 'non-nmethods': size=5696Kb used=2346Kb max_used=2428Kb free=3349Kb
 bounds [0x000001b22c0a0000, 0x000001b22c310000, 0x000001b22c630000]
 total_blobs=19016 nmethods=18041 adapters=886
 compilation: enabled
              stopped_count=0, restarted_count=0
 full_count=0

Compilation events (20 events):
Event: 4961.974 Thread 0x000001b2421b3000 nmethod 19994 0x000001b2340cc710 code [0x000001b2340cc8c0, 0x000001b2340cc978]
Event: 4961.974 Thread 0x000001b2421b3000 19995       1       org.jetbrains.plugins.gradle.DefaultExternalDependencyId::getClassifier (5 bytes)
Event: 4961.974 Thread 0x000001b2421b3000 nmethod 19995 0x000001b2340cc410 code [0x000001b2340cc5c0, 0x000001b2340cc678]
Event: 4961.974 Thread 0x000001b2421b3000 19996       1       org.jetbrains.plugins.gradle.DefaultExternalDependencyId::setName (6 bytes)
Event: 4961.974 Thread 0x000001b2421b3000 nmethod 19996 0x000001b2340cc110 code [0x000001b2340cc2c0, 0x000001b2340cc3b8]
Event: 4961.974 Thread 0x000001b2421b3000 19997       1       org.jetbrains.plugins.gradle.DefaultExternalDependencyId::setGroup (6 bytes)
Event: 4961.974 Thread 0x000001b2421b3000 nmethod 19997 0x000001b2340ceb10 code [0x000001b2340cecc0, 0x000001b2340cedb8]
Event: 4961.974 Thread 0x000001b2421b3000 19998       1       org.jetbrains.plugins.gradle.DefaultExternalDependencyId::setVersion (6 bytes)
Event: 4961.974 Thread 0x000001b2421b3000 nmethod 19998 0x000001b2340ce810 code [0x000001b2340ce9c0, 0x000001b2340ceab8]
Event: 4961.974 Thread 0x000001b2421b3000 19999       1       org.jetbrains.plugins.gradle.model.DefaultExternalLibraryDependency::setFile (6 bytes)
Event: 4961.974 Thread 0x000001b2421b3000 nmethod 19999 0x000001b2340ce510 code [0x000001b2340ce6c0, 0x000001b2340ce7b8]
Event: 4961.975 Thread 0x000001b2421b3000 20000       1       org.jetbrains.plugins.gradle.DefaultExternalDependencyId::setPackaging (6 bytes)
Event: 4961.975 Thread 0x000001b2421b3000 nmethod 20000 0x000001b2340ce210 code [0x000001b2340ce3c0, 0x000001b2340ce4b8]
Event: 4961.975 Thread 0x000001b2421b3000 20001       1       org.jetbrains.plugins.gradle.model.AbstractExternalDependency::setScope (6 bytes)
Event: 4961.975 Thread 0x000001b2421b3000 nmethod 20001 0x000001b2340cdf10 code [0x000001b2340ce0c0, 0x000001b2340ce1b8]
Event: 4961.975 Thread 0x000001b2421b3000 20002       1       org.jetbrains.plugins.gradle.DefaultExternalDependencyId::setClassifier (6 bytes)
Event: 4961.975 Thread 0x000001b2421b3000 nmethod 20002 0x000001b2340d7c10 code [0x000001b2340d7dc0, 0x000001b2340d7eb8]
Event: 4961.975 Thread 0x000001b2421b3000 20003       1       org.jetbrains.plugins.gradle.model.DefaultExternalLibraryDependency::setSource (6 bytes)
Event: 4961.975 Thread 0x000001b2421b3000 nmethod 20003 0x000001b2340d7810 code [0x000001b2340d79c0, 0x000001b2340d7ab8]
Event: 4961.977 Thread 0x000001b2421ac000 20004       4       org.gradle.internal.model.CalculatedValueContainer$CalculationState::lambda$attachValue$0 (52 bytes)

GC Heap History (20 events):
Event: 4914.003 GC heap after
{Heap after GC invocations=100 (full 0):
 garbage-first heap   total 187392K, used 147141K [0x0000000080000000, 0x0000000100000000)
  region size 1024K, 2 young (2048K), 2 survivors (2048K)
 Metaspace       used 120478K, capacity 124201K, committed 124500K, reserved 1157120K
  class space    used 14994K, capacity 16307K, committed 16384K, reserved 1048576K
}
Event: 4915.591 GC heap before
{Heap before GC invocations=100 (full 0):
 garbage-first heap   total 187392K, used 159429K [0x0000000080000000, 0x0000000100000000)
  region size 1024K, 14 young (14336K), 2 survivors (2048K)
 Metaspace       used 120677K, capacity 124533K, committed 124756K, reserved 1157120K
  class space    used 15014K, capacity 16345K, committed 16384K, reserved 1048576K
}
Event: 4915.606 GC heap after
{Heap after GC invocations=101 (full 0):
 garbage-first heap   total 187392K, used 149878K [0x0000000080000000, 0x0000000100000000)
  region size 1024K, 2 young (2048K), 2 survivors (2048K)
 Metaspace       used 120677K, capacity 124533K, committed 124756K, reserved 1157120K
  class space    used 15014K, capacity 16345K, committed 16384K, reserved 1048576K
}
Event: 4916.045 GC heap before
{Heap before GC invocations=101 (full 0):
 garbage-first heap   total 187392K, used 160118K [0x0000000080000000, 0x0000000100000000)
  region size 1024K, 13 young (13312K), 2 survivors (2048K)
 Metaspace       used 120701K, capacity 124534K, committed 124756K, reserved 1157120K
  class space    used 15014K, capacity 16345K, committed 16384K, reserved 1048576K
}
Event: 4916.066 GC heap after
{Heap after GC invocations=102 (full 0):
 garbage-first heap   total 187392K, used 151698K [0x0000000080000000, 0x0000000100000000)
  region size 1024K, 2 young (2048K), 2 survivors (2048K)
 Metaspace       used 120701K, capacity 124534K, committed 124756K, reserved 1157120K
  class space    used 15014K, capacity 16345K, committed 16384K, reserved 1048576K
}
Event: 4916.578 GC heap before
{Heap before GC invocations=102 (full 0):
 garbage-first heap   total 187392K, used 160914K [0x0000000080000000, 0x0000000100000000)
  region size 1024K, 12 young (12288K), 2 survivors (2048K)
 Metaspace       used 120711K, capacity 124537K, committed 124756K, reserved 1157120K
  class space    used 15015K, capacity 16346K, committed 16384K, reserved 1048576K
}
Event: 4916.588 GC heap after
{Heap after GC invocations=103 (full 0):
 garbage-first heap   total 187392K, used 152278K [0x0000000080000000, 0x0000000100000000)
  region size 1024K, 1 young (1024K), 1 survivors (1024K)
 Metaspace       used 120711K, capacity 124537K, committed 124756K, reserved 1157120K
  class space    used 15015K, capacity 16346K, committed 16384K, reserved 1048576K
}
Event: 4917.590 GC heap before
{Heap before GC invocations=104 (full 0):
 garbage-first heap   total 187392K, used 161494K [0x0000000080000000, 0x0000000100000000)
  region size 1024K, 11 young (11264K), 1 survivors (1024K)
 Metaspace       used 120735K, capacity 124543K, committed 124756K, reserved 1157120K
  class space    used 15015K, capacity 16347K, committed 16384K, reserved 1048576K
}
Event: 4917.595 GC heap after
{Heap after GC invocations=105 (full 0):
 garbage-first heap   total 187392K, used 152629K [0x0000000080000000, 0x0000000100000000)
  region size 1024K, 2 young (2048K), 2 survivors (2048K)
 Metaspace       used 120735K, capacity 124543K, committed 124756K, reserved 1157120K
  class space    used 15015K, capacity 16347K, committed 16384K, reserved 1048576K
}
Event: 4956.755 GC heap before
{Heap before GC invocations=105 (full 0):
 garbage-first heap   total 187392K, used 158773K [0x0000000080000000, 0x0000000100000000)
  region size 1024K, 9 young (9216K), 2 survivors (2048K)
 Metaspace       used 120741K, capacity 124549K, committed 124756K, reserved 1157120K
  class space    used 15016K, capacity 16348K, committed 16384K, reserved 1048576K
}
Event: 4956.796 GC heap after
{Heap after GC invocations=106 (full 0):
 garbage-first heap   total 187392K, used 143764K [0x0000000080000000, 0x0000000100000000)
  region size 1024K, 1 young (1024K), 1 survivors (1024K)
 Metaspace       used 120741K, capacity 124549K, committed 124756K, reserved 1157120K
  class space    used 15016K, capacity 16348K, committed 16384K, reserved 1048576K
}
Event: 4959.017 GC heap before
{Heap before GC invocations=106 (full 0):
 garbage-first heap   total 187392K, used 157076K [0x0000000080000000, 0x0000000100000000)
  region size 1024K, 15 young (15360K), 1 survivors (1024K)
 Metaspace       used 121431K, capacity 125435K, committed 125652K, reserved 1159168K
  class space    used 15096K, capacity 16444K, committed 16512K, reserved 1048576K
}
Event: 4959.033 GC heap after
{Heap after GC invocations=107 (full 0):
 garbage-first heap   total 187392K, used 146141K [0x0000000080000000, 0x0000000100000000)
  region size 1024K, 2 young (2048K), 2 survivors (2048K)
 Metaspace       used 121431K, capacity 125435K, committed 125652K, reserved 1159168K
  class space    used 15096K, capacity 16444K, committed 16512K, reserved 1048576K
}
Event: 4959.381 GC heap before
{Heap before GC invocations=107 (full 0):
 garbage-first heap   total 187392K, used 159453K [0x0000000080000000, 0x0000000100000000)
  region size 1024K, 15 young (15360K), 2 survivors (2048K)
 Metaspace       used 121435K, capacity 125435K, committed 125652K, reserved 1159168K
  class space    used 15096K, capacity 16444K, committed 16512K, reserved 1048576K
}
Event: 4959.397 GC heap after
{Heap after GC invocations=108 (full 0):
 garbage-first heap   total 187392K, used 147978K [0x0000000080000000, 0x0000000100000000)
  region size 1024K, 2 young (2048K), 2 survivors (2048K)
 Metaspace       used 121435K, capacity 125435K, committed 125652K, reserved 1159168K
  class space    used 15096K, capacity 16444K, committed 16512K, reserved 1048576K
}
Event: 4960.569 GC heap before
{Heap before GC invocations=109 (full 0):
 garbage-first heap   total 187392K, used 160266K [0x0000000080000000, 0x0000000100000000)
  region size 1024K, 14 young (14336K), 2 survivors (2048K)
 Metaspace       used 121755K, capacity 125915K, committed 126036K, reserved 1159168K
  class space    used 15128K, capacity 16536K, committed 16640K, reserved 1048576K
}
Event: 4960.583 GC heap after
{Heap after GC invocations=110 (full 0):
 garbage-first heap   total 187392K, used 149053K [0x0000000080000000, 0x0000000100000000)
  region size 1024K, 2 young (2048K), 2 survivors (2048K)
 Metaspace       used 121755K, capacity 125915K, committed 126036K, reserved 1159168K
  class space    used 15128K, capacity 16536K, committed 16640K, reserved 1048576K
}
Event: 4961.427 GC heap before
{Heap before GC invocations=110 (full 0):
 garbage-first heap   total 187392K, used 156221K [0x0000000080000000, 0x0000000100000000)
  region size 1024K, 9 young (9216K), 2 survivors (2048K)
 Metaspace       used 122204K, capacity 126377K, committed 126548K, reserved 1159168K
  class space    used 15187K, capacity 16604K, committed 16640K, reserved 1048576K
}
Event: 4961.443 GC heap after
{Heap after GC invocations=111 (full 0):
 garbage-first heap   total 187392K, used 148817K [0x0000000080000000, 0x0000000100000000)
  region size 1024K, 2 young (2048K), 2 survivors (2048K)
 Metaspace       used 122204K, capacity 126377K, committed 126548K, reserved 1159168K
  class space    used 15187K, capacity 16604K, committed 16640K, reserved 1048576K
}
Event: 4961.978 GC heap before
{Heap before GC invocations=111 (full 0):
 garbage-first heap   total 187392K, used 161105K [0x0000000080000000, 0x0000000100000000)
  region size 1024K, 14 young (14336K), 2 survivors (2048K)
 Metaspace       used 122241K, capacity 126377K, committed 126548K, reserved 1159168K
  class space    used 15193K, capacity 16604K, committed 16640K, reserved 1048576K
}

Deoptimization events (20 events):
Event: 4961.547 Thread 0x000001b248a06800 Uncommon trap: trap_request=0xffffffc6 fr.pc=0x000001b234a1e404 relative=0x0000000000005804
Event: 4961.547 Thread 0x000001b248a06800 Uncommon trap: reason=bimorphic_or_optimized_type_check action=maybe_recompile pc=0x000001b234a1e404 method=org.gradle.api.internal.artifacts.ivyservice.modulecache.ModuleComponentAtRepositoryKey.<init>(Ljava/lang/String;Lorg/gradle/api/artifacts/componen
Event: 4961.547 Thread 0x000001b248a06800 DEOPT PACKING pc=0x000001b234a1e404 sp=0x0000001f216fa230
Event: 4961.547 Thread 0x000001b248a06800 DEOPT UNPACKING pc=0x000001b22c0c6029 sp=0x0000001f216fa108 mode 2
Event: 4961.547 Thread 0x000001b248a06800 Uncommon trap: trap_request=0xffffffc6 fr.pc=0x000001b23488d974 relative=0x0000000000000e34
Event: 4961.547 Thread 0x000001b248a06800 Uncommon trap: reason=bimorphic_or_optimized_type_check action=maybe_recompile pc=0x000001b23488d974 method=org.gradle.api.internal.artifacts.ivyservice.resolveengine.result.ComponentIdentifierSerializer.write(Lorg/gradle/internal/serialize/Encoder;Lorg/g
Event: 4961.547 Thread 0x000001b248a06800 DEOPT PACKING pc=0x000001b23488d974 sp=0x0000001f216f9cc0
Event: 4961.547 Thread 0x000001b248a06800 DEOPT UNPACKING pc=0x000001b22c0c6029 sp=0x0000001f216f9c78 mode 2
Event: 4961.549 Thread 0x000001b248a06800 Uncommon trap: trap_request=0xffffffc6 fr.pc=0x000001b234a1e404 relative=0x0000000000005804
Event: 4961.549 Thread 0x000001b248a06800 Uncommon trap: reason=bimorphic_or_optimized_type_check action=maybe_recompile pc=0x000001b234a1e404 method=org.gradle.api.internal.artifacts.ivyservice.modulecache.ModuleComponentAtRepositoryKey.<init>(Ljava/lang/String;Lorg/gradle/api/artifacts/componen
Event: 4961.549 Thread 0x000001b248a06800 DEOPT PACKING pc=0x000001b234a1e404 sp=0x0000001f216fa230
Event: 4961.549 Thread 0x000001b248a06800 DEOPT UNPACKING pc=0x000001b22c0c6029 sp=0x0000001f216fa108 mode 2
Event: 4961.549 Thread 0x000001b248a06800 Uncommon trap: trap_request=0xffffffc6 fr.pc=0x000001b23488d974 relative=0x0000000000000e34
Event: 4961.549 Thread 0x000001b248a06800 Uncommon trap: reason=bimorphic_or_optimized_type_check action=maybe_recompile pc=0x000001b23488d974 method=org.gradle.api.internal.artifacts.ivyservice.resolveengine.result.ComponentIdentifierSerializer.write(Lorg/gradle/internal/serialize/Encoder;Lorg/g
Event: 4961.549 Thread 0x000001b248a06800 DEOPT PACKING pc=0x000001b23488d974 sp=0x0000001f216f9cc0
Event: 4961.550 Thread 0x000001b248a06800 DEOPT UNPACKING pc=0x000001b22c0c6029 sp=0x0000001f216f9c78 mode 2
Event: 4961.696 Thread 0x000001b248a06800 Uncommon trap: trap_request=0xffffffc6 fr.pc=0x000001b233e79f48 relative=0x00000000000004e8
Event: 4961.696 Thread 0x000001b248a06800 Uncommon trap: reason=bimorphic_or_optimized_type_check action=maybe_recompile pc=0x000001b233e79f48 method=org.gradle.api.internal.artifacts.ivyservice.modulecache.ModuleComponentAtRepositoryKey.<init>(Ljava/lang/String;Lorg/gradle/api/artifacts/componen
Event: 4961.696 Thread 0x000001b248a06800 DEOPT PACKING pc=0x000001b233e79f48 sp=0x0000001f216fa0d0
Event: 4961.696 Thread 0x000001b248a06800 DEOPT UNPACKING pc=0x000001b22c0c6029 sp=0x0000001f216fa078 mode 2

Classes redefined (0 events):
No events

Internal exceptions (20 events):
Event: 4960.462 Thread 0x000001b248a06800 Exception <a 'java/lang/ClassNotFoundException'{0x000000008ac27660}: build_4u2c501anocio64jujmqx66uwBeanInfo> (0x000000008ac27660) thrown at [./src/hotspot/share/classfile/systemDictionary.cpp, line 231]
Event: 4960.463 Thread 0x000001b248a06800 Exception <a 'java/lang/ClassNotFoundException'{0x000000008ac32868}: build_4u2c501anocio64jujmqx66uwCustomizer> (0x000000008ac32868) thrown at [./src/hotspot/share/classfile/systemDictionary.cpp, line 231]
Event: 4960.481 Thread 0x000001b248a06800 Exception <a 'java/lang/ClassNotFoundException'{0x000000008acb06a8}: build_4u2c501anocio64jujmqx66uw$_run_closure1$_closure4BeanInfo> (0x000000008acb06a8) thrown at [./src/hotspot/share/classfile/systemDictionary.cpp, line 231]
Event: 4960.482 Thread 0x000001b248a06800 Exception <a 'java/lang/ClassNotFoundException'{0x000000008acbe9d0}: build_4u2c501anocio64jujmqx66uw$_run_closure1$_closure4Customizer> (0x000000008acbe9d0) thrown at [./src/hotspot/share/classfile/systemDictionary.cpp, line 231]
Event: 4960.523 Thread 0x000001b248a06800 Exception <a 'java/lang/ClassNotFoundException'{0x000000008ace5250}: build_4u2c501anocio64jujmqx66uw$_run_closure1BeanInfo> (0x000000008ace5250) thrown at [./src/hotspot/share/classfile/systemDictionary.cpp, line 231]
Event: 4960.524 Thread 0x000001b248a06800 Exception <a 'java/lang/ClassNotFoundException'{0x000000008acf2b20}: build_4u2c501anocio64jujmqx66uw$_run_closure1Customizer> (0x000000008acf2b20) thrown at [./src/hotspot/share/classfile/systemDictionary.cpp, line 231]
Event: 4960.885 Thread 0x000001b248a06800 Exception <a 'java/lang/NoClassDefFoundError'{0x000000008b41a5d8}: org/jetbrains/kotlin/gradle/plugin/KotlinBasePluginWrapper> (0x000000008b41a5d8) thrown at [./src/hotspot/share/oops/constantPool.cpp, line 775]
Event: 4960.912 Thread 0x000001b248a06800 Exception <a 'java/lang/ClassNotFoundException'{0x000000008b49b290}: org/jetbrains/plugins/gradle/model/web/WebConfigurationBeanInfo> (0x000000008b49b290) thrown at [./src/hotspot/share/classfile/systemDictionary.cpp, line 231]
Event: 4960.913 Thread 0x000001b248a06800 Exception <a 'java/lang/ClassNotFoundException'{0x000000008b4aaa00}: org/jetbrains/plugins/gradle/model/web/WebConfigurationCustomizer> (0x000000008b4aaa00) thrown at [./src/hotspot/share/classfile/systemDictionary.cpp, line 231]
Event: 4960.918 Thread 0x000001b248a06800 Exception <a 'java/lang/ClassNotFoundException'{0x000000008b4d9c58}: org/jetbrains/plugins/gradle/model/scala/ScalaModelBeanInfo> (0x000000008b4d9c58) thrown at [./src/hotspot/share/classfile/systemDictionary.cpp, line 231]
Event: 4960.919 Thread 0x000001b248a06800 Exception <a 'java/lang/ClassNotFoundException'{0x000000008b4e9008}: org/jetbrains/plugins/gradle/model/scala/ScalaModelCustomizer> (0x000000008b4e9008) thrown at [./src/hotspot/share/classfile/systemDictionary.cpp, line 231]
Event: 4961.277 Thread 0x000001b248a06800 Exception <a 'sun/nio/fs/WindowsException'{0x000000008b2fed10}> (0x000000008b2fed10) thrown at [./src/hotspot/share/prims/jni.cpp, line 615]
Event: 4961.375 Thread 0x000001b248a06800 Exception <a 'java/lang/ClassNotFoundException'{0x000000008b00b600}: org/jetbrains/plugins/gradle/tooling/util/SourceSetCachedFinder$1BeanInfo> (0x000000008b00b600) thrown at [./src/hotspot/share/classfile/systemDictionary.cpp, line 231]
Event: 4961.376 Thread 0x000001b248a06800 Exception <a 'java/lang/ClassNotFoundException'{0x000000008b01b238}: org/jetbrains/plugins/gradle/tooling/util/SourceSetCachedFinder$1Customizer> (0x000000008b01b238) thrown at [./src/hotspot/share/classfile/systemDictionary.cpp, line 231]
Event: 4961.382 Thread 0x000001b248a06800 Exception <a 'java/lang/ClassNotFoundException'{0x000000008b053090}: org/jetbrains/plugins/gradle/tooling/util/SourceSetCachedFinder$2BeanInfo> (0x000000008b053090) thrown at [./src/hotspot/share/classfile/systemDictionary.cpp, line 231]
Event: 4961.383 Thread 0x000001b248a06800 Exception <a 'java/lang/ClassNotFoundException'{0x000000008b062a30}: org/jetbrains/plugins/gradle/tooling/util/SourceSetCachedFinder$2Customizer> (0x000000008b062a30) thrown at [./src/hotspot/share/classfile/systemDictionary.cpp, line 231]
Event: 4961.406 Thread 0x000001b248a06800 Exception <a 'java/lang/ClassNotFoundException'{0x000000008b095988}: org/jetbrains/plugins/gradle/tooling/util/SourceSetCachedFinderBeanInfo> (0x000000008b095988) thrown at [./src/hotspot/share/classfile/systemDictionary.cpp, line 231]
Event: 4961.407 Thread 0x000001b248a06800 Exception <a 'java/lang/ClassNotFoundException'{0x000000008b0a4cb8}: org/jetbrains/plugins/gradle/tooling/util/SourceSetCachedFinderCustomizer> (0x000000008b0a4cb8) thrown at [./src/hotspot/share/classfile/systemDictionary.cpp, line 231]
Event: 4961.453 Thread 0x000001b248a06800 Exception <a 'java/lang/ClassNotFoundException'{0x000000008b61feb0}: org/jetbrains/plugins/gradle/tooling/util/SourceSetCachedFinder$ArtifactsMapBeanInfo> (0x000000008b61feb0) thrown at [./src/hotspot/share/classfile/systemDictionary.cpp, line 231]
Event: 4961.454 Thread 0x000001b248a06800 Exception <a 'java/lang/ClassNotFoundException'{0x000000008b630430}: org/jetbrains/plugins/gradle/tooling/util/SourceSetCachedFinder$ArtifactsMapCustomizer> (0x000000008b630430) thrown at [./src/hotspot/share/classfile/systemDictionary.cpp, line 231]

Events (20 events):
Event: 4961.405 loading class org/jetbrains/plugins/gradle/tooling/util/SourceSetCachedFinderBeanInfo done
Event: 4961.406 loading class org/jetbrains/plugins/gradle/tooling/util/SourceSetCachedFinderBeanInfo
Event: 4961.406 loading class org/jetbrains/plugins/gradle/tooling/util/SourceSetCachedFinderBeanInfo done
Event: 4961.406 loading class org/jetbrains/plugins/gradle/tooling/util/SourceSetCachedFinderCustomizer
Event: 4961.406 loading class org/jetbrains/plugins/gradle/tooling/util/SourceSetCachedFinderCustomizer done
Event: 4961.407 loading class org/jetbrains/plugins/gradle/tooling/util/SourceSetCachedFinderCustomizer
Event: 4961.407 loading class org/jetbrains/plugins/gradle/tooling/util/SourceSetCachedFinderCustomizer done
Event: 4961.426 loading class groovy/runtime/metaclass/org/jetbrains/plugins/gradle/tooling/util/SourceSetCachedFinder$ArtifactsMapMetaClass
Event: 4961.426 loading class groovy/runtime/metaclass/org/jetbrains/plugins/gradle/tooling/util/SourceSetCachedFinder$ArtifactsMapMetaClass done
Event: 4961.427 Executing VM operation: G1CollectForAllocation
Event: 4961.443 Executing VM operation: G1CollectForAllocation done
Event: 4961.453 loading class org/jetbrains/plugins/gradle/tooling/util/SourceSetCachedFinder$ArtifactsMapBeanInfo
Event: 4961.453 loading class org/jetbrains/plugins/gradle/tooling/util/SourceSetCachedFinder$ArtifactsMapBeanInfo done
Event: 4961.453 loading class org/jetbrains/plugins/gradle/tooling/util/SourceSetCachedFinder$ArtifactsMapBeanInfo
Event: 4961.453 loading class org/jetbrains/plugins/gradle/tooling/util/SourceSetCachedFinder$ArtifactsMapBeanInfo done
Event: 4961.454 loading class org/jetbrains/plugins/gradle/tooling/util/SourceSetCachedFinder$ArtifactsMapCustomizer
Event: 4961.454 loading class org/jetbrains/plugins/gradle/tooling/util/SourceSetCachedFinder$ArtifactsMapCustomizer done
Event: 4961.454 loading class org/jetbrains/plugins/gradle/tooling/util/SourceSetCachedFinder$ArtifactsMapCustomizer
Event: 4961.454 loading class org/jetbrains/plugins/gradle/tooling/util/SourceSetCachedFinder$ArtifactsMapCustomizer done
Event: 4961.978 Executing VM operation: G1CollectForAllocation


Dynamic libraries:
0x00007ff7d3970000 - 0x00007ff7d397a000 	C:\Program Files\Android\Android Studio\jre\bin\java.exe
0x00007ffd5cef0000 - 0x00007ffd5d0e5000 	C:\Windows\SYSTEM32\ntdll.dll
0x00007ffd47e40000 - 0x00007ffd47e56000 	C:\Program Files\Avast Software\Avast\aswhook.dll
0x00007ffd5b590000 - 0x00007ffd5b64d000 	C:\Windows\System32\KERNEL32.DLL
0x00007ffd5a600000 - 0x00007ffd5a8cd000 	C:\Windows\System32\KERNELBASE.dll
0x00007ffd5a8d0000 - 0x00007ffd5a9d0000 	C:\Windows\System32\ucrtbase.dll
0x00007ffd52da0000 - 0x00007ffd52db9000 	C:\Program Files\Android\Android Studio\jre\bin\jli.dll
0x00007ffd42270000 - 0x00007ffd42287000 	C:\Program Files\Android\Android Studio\jre\bin\VCRUNTIME140.dll
0x00007ffd5b850000 - 0x00007ffd5b9f0000 	C:\Windows\System32\USER32.dll
0x00007ffd5aae0000 - 0x00007ffd5ab02000 	C:\Windows\System32\win32u.dll
0x00007ffd4c900000 - 0x00007ffd4cb9a000 	C:\Windows\WinSxS\amd64_microsoft.windows.common-controls_6595b64144ccf1df_6.0.19041.1110_none_60b5254171f9507e\COMCTL32.dll
0x00007ffd5c430000 - 0x00007ffd5c45a000 	C:\Windows\System32\GDI32.dll
0x00007ffd5c540000 - 0x00007ffd5c5de000 	C:\Windows\System32\msvcrt.dll
0x00007ffd5a9d0000 - 0x00007ffd5aadb000 	C:\Windows\System32\gdi32full.dll
0x00007ffd5ad40000 - 0x00007ffd5addd000 	C:\Windows\System32\msvcp_win.dll
0x00007ffd5c680000 - 0x00007ffd5c6b0000 	C:\Windows\System32\IMM32.DLL
0x00007ffd23ef0000 - 0x00007ffd23f8d000 	C:\Program Files\Android\Android Studio\jre\bin\msvcp140.dll
0x00007ffcfb9e0000 - 0x00007ffcfc4b5000 	C:\Program Files\Android\Android Studio\jre\bin\server\jvm.dll
0x00007ffd5ce00000 - 0x00007ffd5ceae000 	C:\Windows\System32\ADVAPI32.dll
0x00007ffd5b060000 - 0x00007ffd5b0fc000 	C:\Windows\System32\sechost.dll
0x00007ffd5c300000 - 0x00007ffd5c425000 	C:\Windows\System32\RPCRT4.dll
0x00007ffd5b100000 - 0x00007ffd5b108000 	C:\Windows\System32\PSAPI.DLL
0x00007ffd39670000 - 0x00007ffd39697000 	C:\Windows\SYSTEM32\WINMM.dll
0x00007ffd485c0000 - 0x00007ffd485c9000 	C:\Windows\SYSTEM32\WSOCK32.dll
0x00007ffd52ae0000 - 0x00007ffd52aea000 	C:\Windows\SYSTEM32\VERSION.dll
0x00007ffd5af40000 - 0x00007ffd5afab000 	C:\Windows\System32\WS2_32.dll
0x00007ffd583e0000 - 0x00007ffd583f2000 	C:\Windows\SYSTEM32\kernel.appcore.dll
0x00007ffd52840000 - 0x00007ffd52851000 	C:\Program Files\Android\Android Studio\jre\bin\verify.dll
0x00007ffd4f1c0000 - 0x00007ffd4f3a4000 	C:\Windows\SYSTEM32\DBGHELP.DLL
0x00007ffd4edd0000 - 0x00007ffd4edfc000 	C:\Windows\SYSTEM32\dbgcore.DLL
0x00007ffd5ac30000 - 0x00007ffd5acb2000 	C:\Windows\System32\bcryptPrimitives.dll
0x00007ffd4ff30000 - 0x00007ffd4ff59000 	C:\Program Files\Android\Android Studio\jre\bin\java.dll
0x00007ffd56aa0000 - 0x00007ffd56aab000 	C:\Program Files\Android\Android Studio\jre\bin\jimage.dll
0x00007ffd507c0000 - 0x00007ffd507d8000 	C:\Program Files\Android\Android Studio\jre\bin\zip.dll
0x00007ffd5c6b0000 - 0x00007ffd5cdf4000 	C:\Windows\System32\SHELL32.dll
0x00007ffd586c0000 - 0x00007ffd58e54000 	C:\Windows\SYSTEM32\windows.storage.dll
0x00007ffd5bac0000 - 0x00007ffd5be14000 	C:\Windows\System32\combase.dll
0x00007ffd59f80000 - 0x00007ffd59fac000 	C:\Windows\SYSTEM32\Wldp.dll
0x00007ffd5afb0000 - 0x00007ffd5b05d000 	C:\Windows\System32\SHCORE.dll
0x00007ffd5b120000 - 0x00007ffd5b175000 	C:\Windows\System32\shlwapi.dll
0x00007ffd5a540000 - 0x00007ffd5a55f000 	C:\Windows\SYSTEM32\profapi.dll
0x00007ffd4e130000 - 0x00007ffd4e14a000 	C:\Program Files\Android\Android Studio\jre\bin\net.dll
0x00007ffd4d000000 - 0x00007ffd4d10a000 	C:\Windows\SYSTEM32\WINHTTP.dll
0x00007ffd59d60000 - 0x00007ffd59dca000 	C:\Windows\system32\mswsock.dll
0x00007ffd4e0f0000 - 0x00007ffd4e104000 	C:\Program Files\Android\Android Studio\jre\bin\nio.dll
0x00007ffd37f30000 - 0x00007ffd37f57000 	C:\Users\zidan\Desktop\prettygoodmusicplayer-master\native\e1d6ef7f7dcc3fd88c89a11ec53ec762bb8ba0a96d01ffa2cd45eb1d1d8dd5c5\windows-amd64\native-platform.dll
0x00007ffd16060000 - 0x00007ffd161a4000 	C:\Users\zidan\Desktop\prettygoodmusicplayer-master\native\5664cfc778a61ccfe75a443a1ab52a65af34e5dc3c78e0209fed803814484fcb\windows-amd64\native-platform-file-events.dll
0x00007ffd52d70000 - 0x00007ffd52d7a000 	C:\Program Files\Android\Android Studio\jre\bin\management.dll
0x00007ffd529f0000 - 0x00007ffd529fd000 	C:\Program Files\Android\Android Studio\jre\bin\management_ext.dll
0x00007ffd5a2c0000 - 0x00007ffd5a2d8000 	C:\Windows\SYSTEM32\CRYPTSP.dll
0x00007ffd59630000 - 0x00007ffd59664000 	C:\Windows\system32\rsaenh.dll
0x00007ffd5ad10000 - 0x00007ffd5ad37000 	C:\Windows\System32\bcrypt.dll
0x00007ffd5a500000 - 0x00007ffd5a52e000 	C:\Windows\SYSTEM32\USERENV.dll
0x00007ffd59ef0000 - 0x00007ffd59efc000 	C:\Windows\SYSTEM32\CRYPTBASE.dll
0x00007ffd59a00000 - 0x00007ffd59a3b000 	C:\Windows\SYSTEM32\IPHLPAPI.DLL
0x00007ffd5c670000 - 0x00007ffd5c678000 	C:\Windows\System32\NSI.dll
0x00007ffd4f420000 - 0x00007ffd4f437000 	C:\Windows\SYSTEM32\dhcpcsvc6.DLL
0x00007ffd4f400000 - 0x00007ffd4f41d000 	C:\Windows\SYSTEM32\dhcpcsvc.DLL
0x00007ffd59a40000 - 0x00007ffd59b0b000 	C:\Windows\SYSTEM32\DNSAPI.dll
0x00007ffd422e0000 - 0x00007ffd42307000 	C:\Program Files\Android\Android Studio\jre\bin\sunec.dll
0x00007ffd4bf80000 - 0x00007ffd4bf8a000 	C:\Windows\System32\rasadhlp.dll
0x00007ffd4c830000 - 0x00007ffd4c8b0000 	C:\Windows\System32\fwpuclnt.dll

dbghelp: loaded successfully - version: 4.0.5 - missing functions: none
symbol engine: initialized successfully - sym options: 0x614 - pdb path: .;C:\Program Files\Android\Android Studio\jre\bin;C:\Windows\SYSTEM32;C:\Program Files\Avast Software\Avast;C:\Windows\WinSxS\amd64_microsoft.windows.common-controls_6595b64144ccf1df_6.0.19041.1110_none_60b5254171f9507e;C:\Program Files\Android\Android Studio\jre\bin\server;C:\Users\zidan\Desktop\prettygoodmusicplayer-master\native\e1d6ef7f7dcc3fd88c89a11ec53ec762bb8ba0a96d01ffa2cd45eb1d1d8dd5c5\windows-amd64;C:\Users\zidan\Desktop\prettygoodmusicplayer-master\native\5664cfc778a61ccfe75a443a1ab52a65af34e5dc3c78e0209fed803814484fcb\windows-amd64

VM Arguments:
jvm_args: --add-opens=java.base/java.util=ALL-UNNAMED --add-opens=java.base/java.lang=ALL-UNNAMED --add-opens=java.base/java.lang.invoke=ALL-UNNAMED --add-opens=java.base/java.util=ALL-UNNAMED --add-opens=java.prefs/java.util.prefs=ALL-UNNAMED --add-opens=java.prefs/java.util.prefs=ALL-UNNAMED --add-opens=java.base/java.nio.charset=ALL-UNNAMED --add-opens=java.base/java.net=ALL-UNNAMED --add-opens=java.base/java.util.concurrent.atomic=ALL-UNNAMED -Xmx2048m -Dfile.encoding=UTF-8 -Duser.country=ES -Duser.language=es -Duser.variant 
java_command: org.gradle.launcher.daemon.bootstrap.GradleDaemon 7.2
java_class_path (initial): C:\Users\zidan\Desktop\prettygoodmusicplayer-master\wrapper\dists\gradle-7.2-bin\2dnblmf4td7x66yl1d74lt32g\gradle-7.2\lib\gradle-launcher-7.2.jar
Launcher Type: SUN_STANDARD

[Global flags]
     intx CICompilerCount                          = 3                                         {product} {ergonomic}
     uint ConcGCThreads                            = 1                                         {product} {ergonomic}
     uint G1ConcRefinementThreads                  = 4                                         {product} {ergonomic}
   size_t G1HeapRegionSize                         = 1048576                                   {product} {ergonomic}
    uintx GCDrainStackTargetSize                   = 64                                        {product} {ergonomic}
   size_t InitialHeapSize                          = 132120576                                 {product} {ergonomic}
   size_t MarkStackSize                            = 4194304                                   {product} {ergonomic}
   size_t MaxHeapSize                              = 2147483648                                {product} {command line}
   size_t MaxNewSize                               = 1287651328                                {product} {ergonomic}
   size_t MinHeapDeltaBytes                        = 1048576                                   {product} {ergonomic}
    uintx NonNMethodCodeHeapSize                   = 5830732                                {pd product} {ergonomic}
    uintx NonProfiledCodeHeapSize                  = 122913754                              {pd product} {ergonomic}
    uintx ProfiledCodeHeapSize                     = 122913754                              {pd product} {ergonomic}
    uintx ReservedCodeCacheSize                    = 251658240                              {pd product} {ergonomic}
     bool SegmentedCodeCache                       = true                                      {product} {ergonomic}
     bool UseCompressedClassPointers               = true                                 {lp64_product} {ergonomic}
     bool UseCompressedOops                        = true                                 {lp64_product} {ergonomic}
     bool UseG1GC                                  = true                                      {product} {ergonomic}
     bool UseLargePagesIndividualAllocation        = false                                  {pd product} {ergonomic}

Logging:
Log output configuration:
 #0: stdout all=warning uptime,level,tags
 #1: stderr all=off uptime,level,tags

Environment Variables:
JAVA_HOME=C:\Program Files\Java\jdk-15.0.1
PATH=C:\Program Files\Common Files\Oracle\Java\javapath;C:\Program Files (x86)\Common Files\Oracle\Java\javapath;C:\ProgramData\Oracle\Java\javapath;C:\Windows\system32;C:\Windows;C:\Windows\System32\Wbem;C:\Windows\System32\WindowsPowerShell\v1.0\;C:\Windows\System32\OpenSSH\;C:\EDIABAS\BIN\;C:\ediabas\bin;C:\Program Files\Git\cmd;C:\Program Files\Java\jdk-15.0.1\bin;C:\Program Files\Java\javafx-sdk-17.0.0.1\bin;C:\Program Files (x86)\scala\bin;C:\Users\zidan\AppData\Local\Microsoft\WindowsApps;C:\Users\zidan\AppData\Local\Programs\Microsoft VS Code\bin;C:\adb;C:\Program Files\AutoFirma\AutoFirma;C:\Program Files\Docker\Docker\resources\bin;C:\ProgramData\DockerDesktop\version-bin;C:\Users\zidan\AppData\Local\Microsoft\WindowsApps;;C:\Users\zidan\AppData\Local\Programs\Microsoft VS Code\bin
USERNAME=zidan
OS=Windows_NT
PROCESSOR_IDENTIFIER=Intel64 Family 6 Model 37 Stepping 5, GenuineIntel



---------------  S Y S T E M  ---------------

OS: Windows 10 , 64 bit Build 19041 (10.0.19041.1706)
OS uptime: 6 days 12:34 hours
Hyper-V role detected

CPU:total 4 (initial active 4) (2 cores per cpu, 2 threads per core) family 6 model 37 stepping 5 microcode 0x7, cmov, cx8, fxsr, mmx, sse, sse2, sse3, ssse3, sse4.1, sse4.2, popcnt, ht, tsc, tscinvbit

Memory: 4k page, system-wide physical 7989M (1478M free)
TotalPageFile size 16181M (AvailPageFile size 6259M)
current process WorkingSet (physical memory assigned to process): 490M, peak: 503M
current process commit charge ("private bytes"): 555M, peak: 571M

vm_info: OpenJDK 64-Bit Server VM (11.0.11+9-b60-7590822) for windows-amd64 JRE (11.0.11+9-b60-7590822), built on Jul 29 2021 21:43:44 by "builder" with MS VC++ 14.0 (VS2015)

END.
